Escuchando por el Puerto <3 3000
Base de Datos Online <3 
::1 - - [Thu, 25 Feb 2021 06:26:26 GMT] "OPTIONS /api/login HTTP/1.1" 200 4 "http://localhost:4200/" "Mozilla/5.0 (Windows NT 10.0; Win64; x64) AppleWebKit/537.36 (KHTML, like Gecko) Chrome/88.0.4324.182 Safari/537.36"
::1 - - [Thu, 25 Feb 2021 06:26:26 GMT] "POST /api/login HTTP/1.1" 400 69 "http://localhost:4200/" "Mozilla/5.0 (Windows NT 10.0; Win64; x64) AppleWebKit/537.36 (KHTML, like Gecko) Chrome/88.0.4324.182 Safari/537.36"
::1 - - [Thu, 25 Feb 2021 06:26:31 GMT] "OPTIONS /api/login HTTP/1.1" 200 4 "http://localhost:4200/" "Mozilla/5.0 (Windows NT 10.0; Win64; x64) AppleWebKit/537.36 (KHTML, like Gecko) Chrome/88.0.4324.182 Safari/537.36"
::1 - - [Thu, 25 Feb 2021 06:26:31 GMT] "POST /api/login HTTP/1.1" 400 69 "http://localhost:4200/" "Mozilla/5.0 (Windows NT 10.0; Win64; x64) AppleWebKit/537.36 (KHTML, like Gecko) Chrome/88.0.4324.182 Safari/537.36"
::1 - - [Thu, 25 Feb 2021 06:26:34 GMT] "POST /api/login HTTP/1.1" 400 69 "http://localhost:4200/" "Mozilla/5.0 (Windows NT 10.0; Win64; x64) AppleWebKit/537.36 (KHTML, like Gecko) Chrome/88.0.4324.182 Safari/537.36"
::1 - - [Thu, 25 Feb 2021 06:35:41 GMT] "GET /api/usuario/verificar/username/chiquitin HTTP/1.1" 200 19 "http://localhost:4200/" "Mozilla/5.0 (Windows NT 10.0; Win64; x64) AppleWebKit/537.36 (KHTML, like Gecko) Chrome/88.0.4324.182 Safari/537.36"
::1 - - [Thu, 25 Feb 2021 06:38:31 GMT] "OPTIONS /api/usuario/registrar HTTP/1.1" 200 4 "http://localhost:4200/" "Mozilla/5.0 (Windows NT 10.0; Win64; x64) AppleWebKit/537.36 (KHTML, like Gecko) Chrome/88.0.4324.182 Safari/537.36"
::1 - - [Thu, 25 Feb 2021 06:38:31 GMT] "POST /api/usuario/registrar HTTP/1.1" 200 437 "http://localhost:4200/" "Mozilla/5.0 (Windows NT 10.0; Win64; x64) AppleWebKit/537.36 (KHTML, like Gecko) Chrome/88.0.4324.182 Safari/537.36"
::1 - - [Thu, 25 Feb 2021 06:39:19 GMT] "OPTIONS /api/login HTTP/1.1" 200 4 "http://localhost:4200/" "Mozilla/5.0 (Windows NT 10.0; Win64; x64) AppleWebKit/537.36 (KHTML, like Gecko) Chrome/88.0.4324.182 Safari/537.36"
::1 - - [Thu, 25 Feb 2021 06:39:19 GMT] "POST /api/login HTTP/1.1" 400 69 "http://localhost:4200/" "Mozilla/5.0 (Windows NT 10.0; Win64; x64) AppleWebKit/537.36 (KHTML, like Gecko) Chrome/88.0.4324.182 Safari/537.36"
::1 - - [Thu, 25 Feb 2021 06:39:22 GMT] "POST /api/login HTTP/1.1" 400 69 "http://localhost:4200/" "Mozilla/5.0 (Windows NT 10.0; Win64; x64) AppleWebKit/537.36 (KHTML, like Gecko) Chrome/88.0.4324.182 Safari/537.36"
::1 - - [Thu, 25 Feb 2021 06:41:16 GMT] "OPTIONS /api/usuario/registrar HTTP/1.1" 200 4 "http://localhost:4200/" "Mozilla/5.0 (Windows NT 10.0; Win64; x64) AppleWebKit/537.36 (KHTML, like Gecko) Chrome/88.0.4324.182 Safari/537.36"
::1 - - [Thu, 25 Feb 2021 06:42:56 GMT] "GET /api/usuario/verificar/username/vanvan HTTP/1.1" - - "http://localhost:4200/" "Mozilla/5.0 (Windows NT 10.0; Win64; x64) AppleWebKit/537.36 (KHTML, like Gecko) Chrome/88.0.4324.182 Safari/537.36"
::1 - - [Thu, 25 Feb 2021 06:43:16 GMT] "POST /api/usuario/registrar HTTP/1.1" - - "http://localhost:4200/" "Mozilla/5.0 (Windows NT 10.0; Win64; x64) AppleWebKit/537.36 (KHTML, like Gecko) Chrome/88.0.4324.182 Safari/537.36"
::1 - - [Thu, 25 Feb 2021 06:43:20 GMT] "POST /api/usuario/registrar HTTP/1.1" - - "http://localhost:4200/" "Mozilla/5.0 (Windows NT 10.0; Win64; x64) AppleWebKit/537.36 (KHTML, like Gecko) Chrome/88.0.4324.182 Safari/537.36"
::1 - - [Wed, 17 Mar 2021 23:46:27 GMT] "GET /api/usuario/verificar/username/lulu HTTP/1.1" 200 19 "http://localhost:4200/" "Mozilla/5.0 (Windows NT 10.0; Win64; x64) AppleWebKit/537.36 (KHTML, like Gecko) Chrome/89.0.4389.82 Safari/537.36"
::1 - - [Wed, 17 Mar 2021 23:46:54 GMT] "OPTIONS /api/usuario/registrar HTTP/1.1" 200 - "http://localhost:4200/" "Mozilla/5.0 (Windows NT 10.0; Win64; x64) AppleWebKit/537.36 (KHTML, like Gecko) Chrome/89.0.4389.82 Safari/537.36"
::1 - - [Wed, 17 Mar 2021 23:46:55 GMT] "POST /api/usuario/registrar HTTP/1.1" 200 438 "http://localhost:4200/" "Mozilla/5.0 (Windows NT 10.0; Win64; x64) AppleWebKit/537.36 (KHTML, like Gecko) Chrome/89.0.4389.82 Safari/537.36"
::1 - - [Wed, 17 Mar 2021 23:51:27 GMT] "GET /api/usuario/verificar/username/cacahuate HTTP/1.1" 200 19 "http://localhost:4200/" "Mozilla/5.0 (Windows NT 10.0; Win64; x64) AppleWebKit/537.36 (KHTML, like Gecko) Chrome/89.0.4389.82 Safari/537.36"
::1 - - [Wed, 17 Mar 2021 23:51:49 GMT] "OPTIONS /api/usuario/registrar HTTP/1.1" 200 - "http://localhost:4200/" "Mozilla/5.0 (Windows NT 10.0; Win64; x64) AppleWebKit/537.36 (KHTML, like Gecko) Chrome/89.0.4389.82 Safari/537.36"
::1 - - [Wed, 17 Mar 2021 23:51:49 GMT] "POST /api/usuario/registrar HTTP/1.1" 200 453 "http://localhost:4200/" "Mozilla/5.0 (Windows NT 10.0; Win64; x64) AppleWebKit/537.36 (KHTML, like Gecko) Chrome/89.0.4389.82 Safari/537.36"
::1 - - [Wed, 17 Mar 2021 23:55:13 GMT] "GET /api/usuario/verificar/username/ivan HTTP/1.1" 200 19 "http://localhost:4200/" "Mozilla/5.0 (Windows NT 10.0; Win64; x64) AppleWebKit/537.36 (KHTML, like Gecko) Chrome/89.0.4389.82 Safari/537.36"
::1 - - [Wed, 17 Mar 2021 23:55:39 GMT] "OPTIONS /api/usuario/registrar HTTP/1.1" 200 - "http://localhost:4200/" "Mozilla/5.0 (Windows NT 10.0; Win64; x64) AppleWebKit/537.36 (KHTML, like Gecko) Chrome/89.0.4389.82 Safari/537.36"
::1 - - [Wed, 17 Mar 2021 23:55:39 GMT] "POST /api/usuario/registrar HTTP/1.1" 200 438 "http://localhost:4200/" "Mozilla/5.0 (Windows NT 10.0; Win64; x64) AppleWebKit/537.36 (KHTML, like Gecko) Chrome/89.0.4389.82 Safari/537.36"
::1 - - [Fri, 19 Mar 2021 00:56:11 GMT] "GET /api/usuario/verificar/username/iva HTTP/1.1" 200 19 "http://localhost:4200/" "Mozilla/5.0 (Windows NT 10.0; Win64; x64) AppleWebKit/537.36 (KHTML, like Gecko) Chrome/89.0.4389.82 Safari/537.36"
::1 - - [Fri, 19 Mar 2021 00:56:11 GMT] "GET /api/usuario/verificar/username/ivan HTTP/1.1" 200 20 "http://localhost:4200/" "Mozilla/5.0 (Windows NT 10.0; Win64; x64) AppleWebKit/537.36 (KHTML, like Gecko) Chrome/89.0.4389.82 Safari/537.36"
::1 - - [Fri, 19 Mar 2021 00:56:35 GMT] "GET /api/usuario/verificar/username/ HTTP/1.1" 404 - "http://localhost:4200/" "Mozilla/5.0 (Windows NT 10.0; Win64; x64) AppleWebKit/537.36 (KHTML, like Gecko) Chrome/89.0.4389.82 Safari/537.36"
::1 - - [Fri, 19 Mar 2021 00:57:00 GMT] "GET /api/usuario/verificar/username/ivan HTTP/1.1" 304 - "http://localhost:4200/" "Mozilla/5.0 (Windows NT 10.0; Win64; x64) AppleWebKit/537.36 (KHTML, like Gecko) Chrome/89.0.4389.82 Safari/537.36"
::1 - - [Fri, 19 Mar 2021 00:57:25 GMT] "GET /api/usuario/verificar/username/ivan123 HTTP/1.1" 200 19 "http://localhost:4200/" "Mozilla/5.0 (Windows NT 10.0; Win64; x64) AppleWebKit/537.36 (KHTML, like Gecko) Chrome/89.0.4389.82 Safari/537.36"
::1 - - [Fri, 19 Mar 2021 00:59:34 GMT] "GET /api/usuario/verificar/username/123 HTTP/1.1" 200 19 "http://localhost:4200/" "Mozilla/5.0 (Windows NT 10.0; Win64; x64) AppleWebKit/537.36 (KHTML, like Gecko) Chrome/89.0.4389.82 Safari/537.36"
::1 - - [Fri, 19 Mar 2021 01:02:25 GMT] "GET /api/usuario/verificar/username/ivan HTTP/1.1" 304 - "http://localhost:4200/" "Mozilla/5.0 (Windows NT 10.0; Win64; x64) AppleWebKit/537.36 (KHTML, like Gecko) Chrome/89.0.4389.82 Safari/537.36"
::1 - - [Fri, 19 Mar 2021 01:02:29 GMT] "GET /api/usuario/verificar/username/ivan123 HTTP/1.1" 304 - "http://localhost:4200/" "Mozilla/5.0 (Windows NT 10.0; Win64; x64) AppleWebKit/537.36 (KHTML, like Gecko) Chrome/89.0.4389.82 Safari/537.36"
::1 - - [Fri, 19 Mar 2021 01:04:19 GMT] "GET /api/usuario/verificar/username/IVAN HTTP/1.1" 200 19 "http://localhost:4200/" "Mozilla/5.0 (Windows NT 10.0; Win64; x64) AppleWebKit/537.36 (KHTML, like Gecko) Chrome/89.0.4389.82 Safari/537.36"
::1 - - [Fri, 19 Mar 2021 01:04:24 GMT] "GET /api/usuario/verificar/username/i123 HTTP/1.1" 200 19 "http://localhost:4200/" "Mozilla/5.0 (Windows NT 10.0; Win64; x64) AppleWebKit/537.36 (KHTML, like Gecko) Chrome/89.0.4389.82 Safari/537.36"
::1 - - [Fri, 19 Mar 2021 01:06:22 GMT] "GET /api/usuario/verificar/username/123123 HTTP/1.1" 200 19 "http://localhost:4200/" "Mozilla/5.0 (Windows NT 10.0; Win64; x64) AppleWebKit/537.36 (KHTML, like Gecko) Chrome/89.0.4389.82 Safari/537.36"
::1 - - [Fri, 19 Mar 2021 01:10:09 GMT] "GET /api/usuario/verificar/username/ivan HTTP/1.1" 200 19 "http://localhost:4200/" "Mozilla/5.0 (Windows NT 10.0; Win64; x64) AppleWebKit/537.36 (KHTML, like Gecko) Chrome/89.0.4389.82 Safari/537.36"
::1 - - [Fri, 19 Mar 2021 01:18:39 GMT] "GET /api/usuario/verificar/username/123 HTTP/1.1" 304 - "http://localhost:4200/" "Mozilla/5.0 (Windows NT 10.0; Win64; x64) AppleWebKit/537.36 (KHTML, like Gecko) Chrome/89.0.4389.82 Safari/537.36"
::1 - - [Fri, 19 Mar 2021 01:23:49 GMT] "GET /api/usuario/verificar/username/123 HTTP/1.1" 304 - "http://localhost:4200/" "Mozilla/5.0 (Windows NT 10.0; Win64; x64) AppleWebKit/537.36 (KHTML, like Gecko) Chrome/89.0.4389.82 Safari/537.36"
::1 - - [Fri, 19 Mar 2021 01:29:07 GMT] "GET /api/usuario/verificar/username/123 HTTP/1.1" 304 - "http://localhost:4200/" "Mozilla/5.0 (Windows NT 10.0; Win64; x64) AppleWebKit/537.36 (KHTML, like Gecko) Chrome/89.0.4389.82 Safari/537.36"
::1 - - [Fri, 19 Mar 2021 01:32:52 GMT] "GET /api/usuario/verificar/username/123 HTTP/1.1" 304 - "http://localhost:4200/" "Mozilla/5.0 (Windows NT 10.0; Win64; x64) AppleWebKit/537.36 (KHTML, like Gecko) Chrome/89.0.4389.82 Safari/537.36"
::1 - - [Fri, 19 Mar 2021 01:34:56 GMT] "GET /api/usuario/verificar/username/123 HTTP/1.1" 304 - "http://localhost:4200/" "Mozilla/5.0 (Windows NT 10.0; Win64; x64) AppleWebKit/537.36 (KHTML, like Gecko) Chrome/89.0.4389.82 Safari/537.36"
::1 - - [Fri, 19 Mar 2021 01:37:13 GMT] "GET /api/usuario/verificar/username/2 HTTP/1.1" 200 19 "http://localhost:4200/" "Mozilla/5.0 (Windows NT 10.0; Win64; x64) AppleWebKit/537.36 (KHTML, like Gecko) Chrome/89.0.4389.82 Safari/537.36"
::1 - - [Fri, 19 Mar 2021 01:37:14 GMT] "GET /api/usuario/verificar/username/231 HTTP/1.1" 200 19 "http://localhost:4200/" "Mozilla/5.0 (Windows NT 10.0; Win64; x64) AppleWebKit/537.36 (KHTML, like Gecko) Chrome/89.0.4389.82 Safari/537.36"
::1 - - [Fri, 19 Mar 2021 01:42:19 GMT] "GET /api/usuario/verificar/username/123 HTTP/1.1" 304 - "http://localhost:4200/" "Mozilla/5.0 (Windows NT 10.0; Win64; x64) AppleWebKit/537.36 (KHTML, like Gecko) Chrome/89.0.4389.82 Safari/537.36"
::1 - - [Fri, 19 Mar 2021 01:43:39 GMT] "GET /api/usuario/verificar/username/123 HTTP/1.1" 304 - "http://localhost:4200/" "Mozilla/5.0 (Windows NT 10.0; Win64; x64) AppleWebKit/537.36 (KHTML, like Gecko) Chrome/89.0.4389.82 Safari/537.36"
::1 - - [Fri, 19 Mar 2021 01:44:01 GMT] "OPTIONS /api/usuario/registrar HTTP/1.1" 200 - "http://localhost:4200/" "Mozilla/5.0 (Windows NT 10.0; Win64; x64) AppleWebKit/537.36 (KHTML, like Gecko) Chrome/89.0.4389.82 Safari/537.36"
::1 - - [Fri, 19 Mar 2021 01:44:02 GMT] "POST /api/usuario/registrar HTTP/1.1" 200 424 "http://localhost:4200/" "Mozilla/5.0 (Windows NT 10.0; Win64; x64) AppleWebKit/537.36 (KHTML, like Gecko) Chrome/89.0.4389.82 Safari/537.36"
::1 - - [Fri, 19 Mar 2021 01:44:59 GMT] "GET /api/usuario/verificar/username/ivan HTTP/1.1" 304 - "http://localhost:4200/" "Mozilla/5.0 (Windows NT 10.0; Win64; x64) AppleWebKit/537.36 (KHTML, like Gecko) Chrome/89.0.4389.82 Safari/537.36"
::1 - - [Fri, 19 Mar 2021 01:45:28 GMT] "OPTIONS /api/usuario/registrar HTTP/1.1" 200 - "http://localhost:4200/" "Mozilla/5.0 (Windows NT 10.0; Win64; x64) AppleWebKit/537.36 (KHTML, like Gecko) Chrome/89.0.4389.82 Safari/537.36"
::1 - - [Fri, 19 Mar 2021 01:45:29 GMT] "POST /api/usuario/registrar HTTP/1.1" 200 438 "http://localhost:4200/" "Mozilla/5.0 (Windows NT 10.0; Win64; x64) AppleWebKit/537.36 (KHTML, like Gecko) Chrome/89.0.4389.82 Safari/537.36"
::1 - - [Fri, 19 Mar 2021 01:46:03 GMT] "GET /api/usuario/confirmar/6054023811708e3788ad2918 HTTP/1.1" 404 - "-" "Mozilla/5.0 (Windows NT 10.0; Win64; x64) AppleWebKit/537.36 (KHTML, like Gecko) Chrome/89.0.4389.82 Safari/537.36"
::1 - - [Fri, 19 Mar 2021 01:47:14 GMT] "GET /api/usuario/confirmar/6054023811708e3788ad2918 HTTP/1.1" 404 - "-" "Mozilla/5.0 (Windows NT 10.0; Win64; x64) AppleWebKit/537.36 (KHTML, like Gecko) Chrome/89.0.4389.82 Safari/537.36"
::1 - - [Fri, 19 Mar 2021 02:07:36 GMT] "GET /api/usuario/verificar/username/asda HTTP/1.1" 200 19 "http://localhost:4200/" "Mozilla/5.0 (Windows NT 10.0; Win64; x64) AppleWebKit/537.36 (KHTML, like Gecko) Chrome/89.0.4389.82 Safari/537.36"
::1 - - [Fri, 19 Mar 2021 02:07:45 GMT] "GET /api/usuario/verificar/username/asdaasa HTTP/1.1" 200 19 "http://localhost:4200/" "Mozilla/5.0 (Windows NT 10.0; Win64; x64) AppleWebKit/537.36 (KHTML, like Gecko) Chrome/89.0.4389.82 Safari/537.36"
::1 - - [Fri, 19 Mar 2021 02:07:52 GMT] "GET /api/usuario/verificar/username/ HTTP/1.1" 404 - "http://localhost:4200/" "Mozilla/5.0 (Windows NT 10.0; Win64; x64) AppleWebKit/537.36 (KHTML, like Gecko) Chrome/89.0.4389.82 Safari/537.36"
::1 - - [Fri, 19 Mar 2021 02:08:45 GMT] "GET /api/usuario/verificar/username/ivan HTTP/1.1" 304 - "http://localhost:4200/" "Mozilla/5.0 (Windows NT 10.0; Win64; x64) AppleWebKit/537.36 (KHTML, like Gecko) Chrome/89.0.4389.82 Safari/537.36"
::1 - - [Fri, 19 Mar 2021 02:29:33 GMT] "GET /api/usuario/verificar/username/ivan HTTP/1.1" 304 - "http://localhost:4200/" "Mozilla/5.0 (Windows NT 10.0; Win64; x64) AppleWebKit/537.36 (KHTML, like Gecko) Chrome/89.0.4389.82 Safari/537.36"
::1 - - [Fri, 19 Mar 2021 02:41:40 GMT] "GET /api/usuario/verificar/username/ivan HTTP/1.1" 304 - "http://localhost:4200/" "Mozilla/5.0 (Windows NT 10.0; Win64; x64) AppleWebKit/537.36 (KHTML, like Gecko) Chrome/89.0.4389.82 Safari/537.36"
::1 - - [Fri, 19 Mar 2021 02:42:48 GMT] "GET /api/usuario/verificar/username/ivan HTTP/1.1" 304 - "http://localhost:4200/" "Mozilla/5.0 (Windows NT 10.0; Win64; x64) AppleWebKit/537.36 (KHTML, like Gecko) Chrome/89.0.4389.82 Safari/537.36"
::1 - - [Fri, 19 Mar 2021 02:45:13 GMT] "GET /api/usuario/verificar/username/ivan HTTP/1.1" 304 - "http://localhost:4200/" "Mozilla/5.0 (Windows NT 10.0; Win64; x64) AppleWebKit/537.36 (KHTML, like Gecko) Chrome/89.0.4389.82 Safari/537.36"
::1 - - [Fri, 19 Mar 2021 02:47:23 GMT] "GET /api/usuario/verificar/username/ivan HTTP/1.1" 304 - "http://localhost:4200/" "Mozilla/5.0 (Windows NT 10.0; Win64; x64) AppleWebKit/537.36 (KHTML, like Gecko) Chrome/89.0.4389.82 Safari/537.36"
::1 - - [Fri, 19 Mar 2021 02:47:49 GMT] "GET /api/usuario/verificar/username/ivan HTTP/1.1" 304 - "http://localhost:4200/" "Mozilla/5.0 (Windows NT 10.0; Win64; x64) AppleWebKit/537.36 (KHTML, like Gecko) Chrome/89.0.4389.82 Safari/537.36"
::1 - - [Fri, 19 Mar 2021 02:50:32 GMT] "GET /api/usuario/verificar/username/ivan HTTP/1.1" 304 - "http://localhost:4200/" "Mozilla/5.0 (Windows NT 10.0; Win64; x64) AppleWebKit/537.36 (KHTML, like Gecko) Chrome/89.0.4389.82 Safari/537.36"
::1 - - [Fri, 19 Mar 2021 02:52:10 GMT] "GET /api/usuario/verificar/username/ivan HTTP/1.1" 304 - "http://localhost:4200/" "Mozilla/5.0 (Windows NT 10.0; Win64; x64) AppleWebKit/537.36 (KHTML, like Gecko) Chrome/89.0.4389.82 Safari/537.36"
::1 - - [Fri, 19 Mar 2021 02:54:20 GMT] "GET /api/usuario/verificar/username/ivan HTTP/1.1" 304 - "http://localhost:4200/" "Mozilla/5.0 (Windows NT 10.0; Win64; x64) AppleWebKit/537.36 (KHTML, like Gecko) Chrome/89.0.4389.82 Safari/537.36"
::1 - - [Fri, 19 Mar 2021 02:55:51 GMT] "GET /api/usuario/verificar/username/IVAN HTTP/1.1" 304 - "http://localhost:4200/" "Mozilla/5.0 (Windows NT 10.0; Win64; x64) AppleWebKit/537.36 (KHTML, like Gecko) Chrome/89.0.4389.82 Safari/537.36"
::1 - - [Fri, 19 Mar 2021 02:56:12 GMT] "GET /api/usuario/verificar/username/ivab HTTP/1.1" 200 19 "http://localhost:4200/" "Mozilla/5.0 (Windows NT 10.0; Win64; x64) AppleWebKit/537.36 (KHTML, like Gecko) Chrome/89.0.4389.82 Safari/537.36"
::1 - - [Fri, 19 Mar 2021 02:56:45 GMT] "GET /api/usuario/verificar/username/ivan HTTP/1.1" 304 - "http://localhost:4200/" "Mozilla/5.0 (Windows NT 10.0; Win64; x64) AppleWebKit/537.36 (KHTML, like Gecko) Chrome/89.0.4389.82 Safari/537.36"
::1 - - [Fri, 19 Mar 2021 02:57:19 GMT] "GET /api/usuario/verificar/username/ivan HTTP/1.1" 304 - "http://localhost:4200/" "Mozilla/5.0 (Windows NT 10.0; Win64; x64) AppleWebKit/537.36 (KHTML, like Gecko) Chrome/89.0.4389.82 Safari/537.36"
::1 - - [Fri, 19 Mar 2021 03:38:57 GMT] "GET /api/usuario/verificar/username/ivanb HTTP/1.1" 200 19 "http://localhost:4200/" "Mozilla/5.0 (Windows NT 10.0; Win64; x64) AppleWebKit/537.36 (KHTML, like Gecko) Chrome/89.0.4389.82 Safari/537.36"
::1 - - [Fri, 19 Mar 2021 03:40:03 GMT] "GET /api/usuario/verificar/username/ivan HTTP/1.1" 304 - "http://localhost:4200/" "Mozilla/5.0 (Windows NT 10.0; Win64; x64) AppleWebKit/537.36 (KHTML, like Gecko) Chrome/89.0.4389.82 Safari/537.36"
::1 - - [Sun, 21 Mar 2021 05:58:23 GMT] "GET /api/usuario/verificar/username/iva HTTP/1.1" 200 19 "http://localhost:4200/" "Mozilla/5.0 (Windows NT 10.0; Win64; x64) AppleWebKit/537.36 (KHTML, like Gecko) Chrome/89.0.4389.90 Safari/537.36"
::1 - - [Sun, 21 Mar 2021 06:00:51 GMT] "GET /api/usuario/verificar/username/as HTTP/1.1" 200 19 "http://localhost:4200/" "Mozilla/5.0 (Windows NT 10.0; Win64; x64) AppleWebKit/537.36 (KHTML, like Gecko) Chrome/89.0.4389.90 Safari/537.36"
::1 - - [Sun, 21 Mar 2021 06:03:30 GMT] "OPTIONS /api/usuario/registrar HTTP/1.1" 200 - "http://localhost:4200/" "Mozilla/5.0 (Windows NT 10.0; Win64; x64) AppleWebKit/537.36 (KHTML, like Gecko) Chrome/89.0.4389.90 Safari/537.36"
::1 - - [Sun, 21 Mar 2021 06:03:31 GMT] "POST /api/usuario/registrar HTTP/1.1" 200 432 "http://localhost:4200/" "Mozilla/5.0 (Windows NT 10.0; Win64; x64) AppleWebKit/537.36 (KHTML, like Gecko) Chrome/89.0.4389.90 Safari/537.36"
::1 - - [Sun, 21 Mar 2021 06:25:35 GMT] "GET /api/usuario/confirmar/6054023811708e3788ad2918 HTTP/1.1" 404 - "-" "Mozilla/5.0 (Windows NT 10.0; Win64; x64) AppleWebKit/537.36 (KHTML, like Gecko) Chrome/89.0.4389.90 Safari/537.36"
::1 - - [Sun, 21 Mar 2021 06:44:42 GMT] "GET / HTTP/1.1" 404 - "-" "Mozilla/5.0 (Windows NT 10.0; Win64; x64) AppleWebKit/537.36 (KHTML, like Gecko) Chrome/89.0.4389.90 Safari/537.36"
::1 - - [Sat, 27 Mar 2021 04:33:30 GMT] "OPTIONS /api/login HTTP/1.1" 200 - "http://localhost:4200/" "Mozilla/5.0 (Windows NT 10.0; Win64; x64) AppleWebKit/537.36 (KHTML, like Gecko) Chrome/89.0.4389.90 Safari/537.36"
::1 - - [Sat, 27 Mar 2021 04:33:30 GMT] "POST /api/login HTTP/1.1" 400 69 "http://localhost:4200/" "Mozilla/5.0 (Windows NT 10.0; Win64; x64) AppleWebKit/537.36 (KHTML, like Gecko) Chrome/89.0.4389.90 Safari/537.36"
::1 - - [Sat, 27 Mar 2021 04:34:58 GMT] "OPTIONS /api/login HTTP/1.1" 200 - "http://localhost:4200/" "Mozilla/5.0 (Windows NT 10.0; Win64; x64) AppleWebKit/537.36 (KHTML, like Gecko) Chrome/89.0.4389.90 Safari/537.36"
::1 - - [Sat, 27 Mar 2021 04:34:58 GMT] "POST /api/login HTTP/1.1" 400 69 "http://localhost:4200/" "Mozilla/5.0 (Windows NT 10.0; Win64; x64) AppleWebKit/537.36 (KHTML, like Gecko) Chrome/89.0.4389.90 Safari/537.36"
::1 - - [Sat, 27 Mar 2021 04:50:16 GMT] "OPTIONS /api/login HTTP/1.1" 200 - "http://localhost:4200/" "Mozilla/5.0 (Windows NT 10.0; Win64; x64) AppleWebKit/537.36 (KHTML, like Gecko) Chrome/89.0.4389.90 Safari/537.36"
::1 - - [Sat, 27 Mar 2021 04:50:18 GMT] "POST /api/login HTTP/1.1" 400 69 "http://localhost:4200/" "Mozilla/5.0 (Windows NT 10.0; Win64; x64) AppleWebKit/537.36 (KHTML, like Gecko) Chrome/89.0.4389.90 Safari/537.36"
::1 - - [Sat, 27 Mar 2021 04:50:33 GMT] "GET /api/usuario/verificar/username/ivan HTTP/1.1" 200 19 "http://localhost:4200/" "Mozilla/5.0 (Windows NT 10.0; Win64; x64) AppleWebKit/537.36 (KHTML, like Gecko) Chrome/89.0.4389.90 Safari/537.36"
::1 - - [Sat, 27 Mar 2021 04:51:17 GMT] "OPTIONS /api/usuario/registrar HTTP/1.1" 200 - "http://localhost:4200/" "Mozilla/5.0 (Windows NT 10.0; Win64; x64) AppleWebKit/537.36 (KHTML, like Gecko) Chrome/89.0.4389.90 Safari/537.36"
::1 - - [Sat, 27 Mar 2021 04:51:18 GMT] "POST /api/usuario/registrar HTTP/1.1" 200 438 "http://localhost:4200/" "Mozilla/5.0 (Windows NT 10.0; Win64; x64) AppleWebKit/537.36 (KHTML, like Gecko) Chrome/89.0.4389.90 Safari/537.36"
::1 - - [Sat, 27 Mar 2021 04:51:34 GMT] "OPTIONS /api/login HTTP/1.1" 200 - "http://localhost:4200/" "Mozilla/5.0 (Windows NT 10.0; Win64; x64) AppleWebKit/537.36 (KHTML, like Gecko) Chrome/89.0.4389.90 Safari/537.36"
::1 - - [Sat, 27 Mar 2021 04:51:34 GMT] "POST /api/login HTTP/1.1" 200 414 "http://localhost:4200/" "Mozilla/5.0 (Windows NT 10.0; Win64; x64) AppleWebKit/537.36 (KHTML, like Gecko) Chrome/89.0.4389.90 Safari/537.36"
::1 - - [Sat, 27 Mar 2021 05:20:19 GMT] "OPTIONS /api/login HTTP/1.1" 200 - "http://localhost:4200/" "Mozilla/5.0 (Windows NT 10.0; Win64; x64) AppleWebKit/537.36 (KHTML, like Gecko) Chrome/89.0.4389.90 Safari/537.36"
::1 - - [Sat, 27 Mar 2021 05:20:20 GMT] "POST /api/login HTTP/1.1" 200 414 "http://localhost:4200/" "Mozilla/5.0 (Windows NT 10.0; Win64; x64) AppleWebKit/537.36 (KHTML, like Gecko) Chrome/89.0.4389.90 Safari/537.36"
::1 - - [Sat, 27 Mar 2021 05:20:39 GMT] "OPTIONS /api/login HTTP/1.1" 200 - "http://localhost:4200/" "Mozilla/5.0 (Windows NT 10.0; Win64; x64) AppleWebKit/537.36 (KHTML, like Gecko) Chrome/89.0.4389.90 Safari/537.36"
::1 - - [Sat, 27 Mar 2021 05:20:39 GMT] "POST /api/login HTTP/1.1" 200 414 "http://localhost:4200/" "Mozilla/5.0 (Windows NT 10.0; Win64; x64) AppleWebKit/537.36 (KHTML, like Gecko) Chrome/89.0.4389.90 Safari/537.36"
::1 - - [Sat, 27 Mar 2021 05:21:24 GMT] "OPTIONS /api/login HTTP/1.1" 200 - "http://localhost:4200/" "Mozilla/5.0 (Windows NT 10.0; Win64; x64) AppleWebKit/537.36 (KHTML, like Gecko) Chrome/89.0.4389.90 Safari/537.36"
::1 - - [Sat, 27 Mar 2021 05:21:24 GMT] "POST /api/login HTTP/1.1" 400 69 "http://localhost:4200/" "Mozilla/5.0 (Windows NT 10.0; Win64; x64) AppleWebKit/537.36 (KHTML, like Gecko) Chrome/89.0.4389.90 Safari/537.36"
::1 - - [Sat, 27 Mar 2021 05:24:06 GMT] "OPTIONS /api/login HTTP/1.1" 200 - "http://localhost:4200/" "Mozilla/5.0 (Windows NT 10.0; Win64; x64) AppleWebKit/537.36 (KHTML, like Gecko) Chrome/89.0.4389.90 Safari/537.36"
::1 - - [Sat, 27 Mar 2021 05:24:09 GMT] "POST /api/login HTTP/1.1" 400 69 "http://localhost:4200/" "Mozilla/5.0 (Windows NT 10.0; Win64; x64) AppleWebKit/537.36 (KHTML, like Gecko) Chrome/89.0.4389.90 Safari/537.36"
::1 - - [Sat, 27 Mar 2021 05:25:33 GMT] "OPTIONS /api/login HTTP/1.1" 200 - "http://localhost:4200/" "Mozilla/5.0 (Windows NT 10.0; Win64; x64) AppleWebKit/537.36 (KHTML, like Gecko) Chrome/89.0.4389.90 Safari/537.36"
::1 - - [Sat, 27 Mar 2021 05:25:33 GMT] "POST /api/login HTTP/1.1" 200 414 "http://localhost:4200/" "Mozilla/5.0 (Windows NT 10.0; Win64; x64) AppleWebKit/537.36 (KHTML, like Gecko) Chrome/89.0.4389.90 Safari/537.36"
::1 - - [Sat, 27 Mar 2021 05:26:04 GMT] "OPTIONS /api/login HTTP/1.1" 200 - "http://localhost:4200/" "Mozilla/5.0 (Windows NT 10.0; Win64; x64) AppleWebKit/537.36 (KHTML, like Gecko) Chrome/89.0.4389.90 Safari/537.36"
::1 - - [Sat, 27 Mar 2021 05:26:05 GMT] "POST /api/login HTTP/1.1" 200 414 "http://localhost:4200/" "Mozilla/5.0 (Windows NT 10.0; Win64; x64) AppleWebKit/537.36 (KHTML, like Gecko) Chrome/89.0.4389.90 Safari/537.36"
::1 - - [Sat, 27 Mar 2021 05:47:42 GMT] "OPTIONS /api/login HTTP/1.1" 200 - "http://localhost:4200/" "Mozilla/5.0 (Linux; Android 6.0; Nexus 5 Build/MRA58N) AppleWebKit/537.36 (KHTML, like Gecko) Chrome/89.0.4389.90 Mobile Safari/537.36"
::1 - - [Sat, 27 Mar 2021 05:47:44 GMT] "POST /api/login HTTP/1.1" 200 414 "http://localhost:4200/" "Mozilla/5.0 (Linux; Android 6.0; Nexus 5 Build/MRA58N) AppleWebKit/537.36 (KHTML, like Gecko) Chrome/89.0.4389.90 Mobile Safari/537.36"
::1 - - [Sat, 27 Mar 2021 05:48:20 GMT] "OPTIONS /api/login HTTP/1.1" 200 - "http://localhost:4200/" "Mozilla/5.0 (Linux; Android 6.0; Nexus 5 Build/MRA58N) AppleWebKit/537.36 (KHTML, like Gecko) Chrome/89.0.4389.90 Mobile Safari/537.36"
::1 - - [Sat, 27 Mar 2021 05:48:20 GMT] "POST /api/login HTTP/1.1" 400 69 "http://localhost:4200/" "Mozilla/5.0 (Linux; Android 6.0; Nexus 5 Build/MRA58N) AppleWebKit/537.36 (KHTML, like Gecko) Chrome/89.0.4389.90 Mobile Safari/537.36"
::1 - - [Sat, 27 Mar 2021 05:48:25 GMT] "POST /api/login HTTP/1.1" 400 69 "http://localhost:4200/" "Mozilla/5.0 (Linux; Android 6.0; Nexus 5 Build/MRA58N) AppleWebKit/537.36 (KHTML, like Gecko) Chrome/89.0.4389.90 Mobile Safari/537.36"
::1 - - [Sat, 27 Mar 2021 05:50:18 GMT] "OPTIONS /api/login HTTP/1.1" 200 - "http://localhost:4200/" "Mozilla/5.0 (Linux; Android 6.0; Nexus 5 Build/MRA58N) AppleWebKit/537.36 (KHTML, like Gecko) Chrome/89.0.4389.90 Mobile Safari/537.36"
::1 - - [Sat, 27 Mar 2021 05:50:18 GMT] "POST /api/login HTTP/1.1" 200 414 "http://localhost:4200/" "Mozilla/5.0 (Linux; Android 6.0; Nexus 5 Build/MRA58N) AppleWebKit/537.36 (KHTML, like Gecko) Chrome/89.0.4389.90 Mobile Safari/537.36"
::1 - - [Sat, 27 Mar 2021 05:51:28 GMT] "OPTIONS /api/login HTTP/1.1" 200 - "http://localhost:4200/" "Mozilla/5.0 (Linux; Android 6.0; Nexus 5 Build/MRA58N) AppleWebKit/537.36 (KHTML, like Gecko) Chrome/89.0.4389.90 Mobile Safari/537.36"
::1 - - [Sat, 27 Mar 2021 05:51:28 GMT] "POST /api/login HTTP/1.1" 200 414 "http://localhost:4200/" "Mozilla/5.0 (Linux; Android 6.0; Nexus 5 Build/MRA58N) AppleWebKit/537.36 (KHTML, like Gecko) Chrome/89.0.4389.90 Mobile Safari/537.36"
::1 - - [Sat, 27 Mar 2021 05:56:00 GMT] "OPTIONS /api/login HTTP/1.1" 200 - "http://localhost:4200/" "Mozilla/5.0 (Linux; Android 6.0; Nexus 5 Build/MRA58N) AppleWebKit/537.36 (KHTML, like Gecko) Chrome/89.0.4389.90 Mobile Safari/537.36"
::1 - - [Sat, 27 Mar 2021 05:56:00 GMT] "POST /api/login HTTP/1.1" 400 69 "http://localhost:4200/" "Mozilla/5.0 (Linux; Android 6.0; Nexus 5 Build/MRA58N) AppleWebKit/537.36 (KHTML, like Gecko) Chrome/89.0.4389.90 Mobile Safari/537.36"
::1 - - [Sat, 27 Mar 2021 05:56:45 GMT] "OPTIONS /api/login HTTP/1.1" 200 - "http://localhost:4200/" "Mozilla/5.0 (Linux; Android 6.0; Nexus 5 Build/MRA58N) AppleWebKit/537.36 (KHTML, like Gecko) Chrome/89.0.4389.90 Mobile Safari/537.36"
::1 - - [Sat, 27 Mar 2021 05:56:45 GMT] "POST /api/login HTTP/1.1" 400 69 "http://localhost:4200/" "Mozilla/5.0 (Linux; Android 6.0; Nexus 5 Build/MRA58N) AppleWebKit/537.36 (KHTML, like Gecko) Chrome/89.0.4389.90 Mobile Safari/537.36"
::1 - - [Sat, 27 Mar 2021 05:56:51 GMT] "OPTIONS /api/login HTTP/1.1" 200 - "http://localhost:4200/" "Mozilla/5.0 (Linux; Android 6.0; Nexus 5 Build/MRA58N) AppleWebKit/537.36 (KHTML, like Gecko) Chrome/89.0.4389.90 Mobile Safari/537.36"
::1 - - [Sat, 27 Mar 2021 05:56:51 GMT] "POST /api/login HTTP/1.1" 400 69 "http://localhost:4200/" "Mozilla/5.0 (Linux; Android 6.0; Nexus 5 Build/MRA58N) AppleWebKit/537.36 (KHTML, like Gecko) Chrome/89.0.4389.90 Mobile Safari/537.36"
::1 - - [Sat, 27 Mar 2021 05:57:43 GMT] "OPTIONS /api/login HTTP/1.1" 200 - "http://localhost:4200/" "Mozilla/5.0 (Linux; Android 6.0; Nexus 5 Build/MRA58N) AppleWebKit/537.36 (KHTML, like Gecko) Chrome/89.0.4389.90 Mobile Safari/537.36"
::1 - - [Sat, 27 Mar 2021 05:57:43 GMT] "POST /api/login HTTP/1.1" 400 69 "http://localhost:4200/" "Mozilla/5.0 (Linux; Android 6.0; Nexus 5 Build/MRA58N) AppleWebKit/537.36 (KHTML, like Gecko) Chrome/89.0.4389.90 Mobile Safari/537.36"
::1 - - [Sat, 27 Mar 2021 05:58:45 GMT] "GET /api/usuario/verificar/username/ivan HTTP/1.1" 200 20 "http://localhost:4200/" "Mozilla/5.0 (Linux; Android 6.0; Nexus 5 Build/MRA58N) AppleWebKit/537.36 (KHTML, like Gecko) Chrome/89.0.4389.90 Mobile Safari/537.36"
::1 - - [Sat, 27 Mar 2021 05:58:49 GMT] "GET /api/usuario/verificar/username/ HTTP/1.1" 404 - "http://localhost:4200/" "Mozilla/5.0 (Linux; Android 6.0; Nexus 5 Build/MRA58N) AppleWebKit/537.36 (KHTML, like Gecko) Chrome/89.0.4389.90 Mobile Safari/537.36"
::1 - - [Sat, 27 Mar 2021 06:00:45 GMT] "GET /api/usuario/verificar/username/luis HTTP/1.1" 200 19 "http://localhost:4200/" "Mozilla/5.0 (Linux; Android 6.0; Nexus 5 Build/MRA58N) AppleWebKit/537.36 (KHTML, like Gecko) Chrome/89.0.4389.90 Mobile Safari/537.36"
::1 - - [Sat, 27 Mar 2021 06:01:35 GMT] "OPTIONS /api/usuario/registrar HTTP/1.1" 200 - "http://localhost:4200/" "Mozilla/5.0 (Linux; Android 6.0; Nexus 5 Build/MRA58N) AppleWebKit/537.36 (KHTML, like Gecko) Chrome/89.0.4389.90 Mobile Safari/537.36"
::1 - - [Sat, 27 Mar 2021 06:01:35 GMT] "POST /api/usuario/registrar HTTP/1.1" 500 - "http://localhost:4200/" "Mozilla/5.0 (Linux; Android 6.0; Nexus 5 Build/MRA58N) AppleWebKit/537.36 (KHTML, like Gecko) Chrome/89.0.4389.90 Mobile Safari/537.36"
::1 - - [Sat, 27 Mar 2021 06:03:30 GMT] "GET /api/usuario/verificar/username/ivan HTTP/1.1" 304 - "http://localhost:4200/" "Mozilla/5.0 (Linux; Android 6.0; Nexus 5 Build/MRA58N) AppleWebKit/537.36 (KHTML, like Gecko) Chrome/89.0.4389.90 Mobile Safari/537.36"
::1 - - [Sat, 27 Mar 2021 06:03:35 GMT] "GET /api/usuario/verificar/username/luis HTTP/1.1" 304 - "http://localhost:4200/" "Mozilla/5.0 (Linux; Android 6.0; Nexus 5 Build/MRA58N) AppleWebKit/537.36 (KHTML, like Gecko) Chrome/89.0.4389.90 Mobile Safari/537.36"
::1 - - [Sat, 27 Mar 2021 06:04:17 GMT] "OPTIONS /api/usuario/registrar HTTP/1.1" 200 - "http://localhost:4200/" "Mozilla/5.0 (Linux; Android 6.0; Nexus 5 Build/MRA58N) AppleWebKit/537.36 (KHTML, like Gecko) Chrome/89.0.4389.90 Mobile Safari/537.36"
::1 - - [Sat, 27 Mar 2021 06:04:17 GMT] "POST /api/usuario/registrar HTTP/1.1" 500 - "http://localhost:4200/" "Mozilla/5.0 (Linux; Android 6.0; Nexus 5 Build/MRA58N) AppleWebKit/537.36 (KHTML, like Gecko) Chrome/89.0.4389.90 Mobile Safari/537.36"
::1 - - [Sat, 27 Mar 2021 06:28:48 GMT] "GET /api/usuario/verificar/username/luis HTTP/1.1" 304 - "http://localhost:4200/" "Mozilla/5.0 (Linux; Android 6.0; Nexus 5 Build/MRA58N) AppleWebKit/537.36 (KHTML, like Gecko) Chrome/89.0.4389.90 Mobile Safari/537.36"
::1 - - [Sat, 27 Mar 2021 06:31:51 GMT] "GET /api/usuario/verificar/username/ivan HTTP/1.1" 304 - "http://localhost:4200/" "Mozilla/5.0 (Linux; Android 6.0; Nexus 5 Build/MRA58N) AppleWebKit/537.36 (KHTML, like Gecko) Chrome/89.0.4389.90 Mobile Safari/537.36"
::1 - - [Sat, 27 Mar 2021 06:31:55 GMT] "GET /api/usuario/verificar/username/luis HTTP/1.1" 304 - "http://localhost:4200/" "Mozilla/5.0 (Linux; Android 6.0; Nexus 5 Build/MRA58N) AppleWebKit/537.36 (KHTML, like Gecko) Chrome/89.0.4389.90 Mobile Safari/537.36"
::1 - - [Sat, 27 Mar 2021 06:37:59 GMT] "GET /api/usuario/verificar/username/luis HTTP/1.1" 304 - "http://localhost:4200/" "Mozilla/5.0 (Linux; Android 6.0; Nexus 5 Build/MRA58N) AppleWebKit/537.36 (KHTML, like Gecko) Chrome/89.0.4389.90 Mobile Safari/537.36"
::1 - - [Sat, 27 Mar 2021 06:40:42 GMT] "GET /api/usuario/verificar/username/luisP HTTP/1.1" 200 19 "http://localhost:4200/" "Mozilla/5.0 (Linux; Android 6.0; Nexus 5 Build/MRA58N) AppleWebKit/537.36 (KHTML, like Gecko) Chrome/89.0.4389.90 Mobile Safari/537.36"
::1 - - [Sat, 27 Mar 2021 06:40:58 GMT] "GET /api/usuario/verificar/username/luisP12345? HTTP/1.1" 200 19 "http://localhost:4200/" "Mozilla/5.0 (Linux; Android 6.0; Nexus 5 Build/MRA58N) AppleWebKit/537.36 (KHTML, like Gecko) Chrome/89.0.4389.90 Mobile Safari/537.36"
::1 - - [Sat, 27 Mar 2021 06:43:09 GMT] "GET /api/usuario/verificar/username/ HTTP/1.1" 404 - "http://localhost:4200/" "Mozilla/5.0 (Linux; Android 6.0; Nexus 5 Build/MRA58N) AppleWebKit/537.36 (KHTML, like Gecko) Chrome/89.0.4389.90 Mobile Safari/537.36"
::1 - - [Sat, 27 Mar 2021 06:43:34 GMT] "GET /api/usuario/verificar/username/luis HTTP/1.1" 304 - "http://localhost:4200/" "Mozilla/5.0 (Linux; Android 6.0; Nexus 5 Build/MRA58N) AppleWebKit/537.36 (KHTML, like Gecko) Chrome/89.0.4389.90 Mobile Safari/537.36"
::1 - - [Sat, 27 Mar 2021 06:43:38 GMT] "GET /api/usuario/verificar/username/luisP1234 HTTP/1.1" 200 19 "http://localhost:4200/" "Mozilla/5.0 (Linux; Android 6.0; Nexus 5 Build/MRA58N) AppleWebKit/537.36 (KHTML, like Gecko) Chrome/89.0.4389.90 Mobile Safari/537.36"
::1 - - [Sat, 27 Mar 2021 06:43:43 GMT] "GET /api/usuario/verificar/username/luisP12345? HTTP/1.1" 304 - "http://localhost:4200/" "Mozilla/5.0 (Linux; Android 6.0; Nexus 5 Build/MRA58N) AppleWebKit/537.36 (KHTML, like Gecko) Chrome/89.0.4389.90 Mobile Safari/537.36"
::1 - - [Sat, 27 Mar 2021 06:44:54 GMT] "GET /api/usuario/verificar/username/luis HTTP/1.1" 304 - "http://localhost:4200/" "Mozilla/5.0 (Linux; Android 6.0; Nexus 5 Build/MRA58N) AppleWebKit/537.36 (KHTML, like Gecko) Chrome/89.0.4389.90 Mobile Safari/537.36"
::1 - - [Sat, 27 Mar 2021 06:44:57 GMT] "GET /api/usuario/verificar/username/luisP12345? HTTP/1.1" 304 - "http://localhost:4200/" "Mozilla/5.0 (Linux; Android 6.0; Nexus 5 Build/MRA58N) AppleWebKit/537.36 (KHTML, like Gecko) Chrome/89.0.4389.90 Mobile Safari/537.36"
::1 - - [Sat, 27 Mar 2021 06:48:25 GMT] "OPTIONS /api/login HTTP/1.1" 200 - "http://localhost:4200/" "Mozilla/5.0 (Linux; Android 6.0; Nexus 5 Build/MRA58N) AppleWebKit/537.36 (KHTML, like Gecko) Chrome/89.0.4389.90 Mobile Safari/537.36"
::1 - - [Sat, 27 Mar 2021 06:48:25 GMT] "POST /api/login HTTP/1.1" 400 69 "http://localhost:4200/" "Mozilla/5.0 (Linux; Android 6.0; Nexus 5 Build/MRA58N) AppleWebKit/537.36 (KHTML, like Gecko) Chrome/89.0.4389.90 Mobile Safari/537.36"
::1 - - [Sat, 27 Mar 2021 06:50:04 GMT] "OPTIONS /api/login HTTP/1.1" 200 - "http://localhost:4200/" "Mozilla/5.0 (Windows NT 10.0; Win64; x64) AppleWebKit/537.36 (KHTML, like Gecko) Chrome/89.0.4389.90 Safari/537.36"
::1 - - [Sat, 27 Mar 2021 06:50:04 GMT] "POST /api/login HTTP/1.1" 400 69 "http://localhost:4200/" "Mozilla/5.0 (Windows NT 10.0; Win64; x64) AppleWebKit/537.36 (KHTML, like Gecko) Chrome/89.0.4389.90 Safari/537.36"
::1 - - [Sat, 27 Mar 2021 06:56:26 GMT] "GET /api/usuario/verificar/username/luis HTTP/1.1" 304 - "http://localhost:4200/" "Mozilla/5.0 (Windows NT 10.0; Win64; x64) AppleWebKit/537.36 (KHTML, like Gecko) Chrome/89.0.4389.90 Safari/537.36"
::1 - - [Sat, 27 Mar 2021 06:58:05 GMT] "GET /api/usuario/verificar/username/i HTTP/1.1" 200 19 "http://localhost:4200/" "Mozilla/5.0 (Linux; Android 6.0; Nexus 5 Build/MRA58N) AppleWebKit/537.36 (KHTML, like Gecko) Chrome/89.0.4389.90 Mobile Safari/537.36"
::1 - - [Sat, 27 Mar 2021 06:58:07 GMT] "GET /api/usuario/verificar/username/luis HTTP/1.1" 304 - "http://localhost:4200/" "Mozilla/5.0 (Linux; Android 6.0; Nexus 5 Build/MRA58N) AppleWebKit/537.36 (KHTML, like Gecko) Chrome/89.0.4389.90 Mobile Safari/537.36"
::1 - - [Sat, 27 Mar 2021 06:59:07 GMT] "GET /api/usuario/verificar/username/luis HTTP/1.1" 304 - "http://localhost:4200/" "Mozilla/5.0 (Linux; Android 6.0; Nexus 5 Build/MRA58N) AppleWebKit/537.36 (KHTML, like Gecko) Chrome/89.0.4389.90 Mobile Safari/537.36"
::1 - - [Sat, 27 Mar 2021 06:59:43 GMT] "GET /api/usuario/verificar/username/luis HTTP/1.1" 304 - "http://localhost:4200/" "Mozilla/5.0 (Linux; Android 6.0; Nexus 5 Build/MRA58N) AppleWebKit/537.36 (KHTML, like Gecko) Chrome/89.0.4389.90 Mobile Safari/537.36"
::1 - - [Sat, 27 Mar 2021 07:01:11 GMT] "GET /api/usuario/verificar/username/luis HTTP/1.1" 304 - "http://localhost:4200/" "Mozilla/5.0 (Linux; Android 6.0; Nexus 5 Build/MRA58N) AppleWebKit/537.36 (KHTML, like Gecko) Chrome/89.0.4389.90 Mobile Safari/537.36"
::1 - - [Sat, 27 Mar 2021 07:03:45 GMT] "GET /api/usuario/verificar/username/luis HTTP/1.1" 304 - "http://localhost:4200/" "Mozilla/5.0 (Linux; Android 6.0; Nexus 5 Build/MRA58N) AppleWebKit/537.36 (KHTML, like Gecko) Chrome/89.0.4389.90 Mobile Safari/537.36"
::1 - - [Sat, 27 Mar 2021 07:04:37 GMT] "GET /api/usuario/verificar/username/luis HTTP/1.1" 304 - "http://localhost:4200/" "Mozilla/5.0 (Linux; Android 6.0; Nexus 5 Build/MRA58N) AppleWebKit/537.36 (KHTML, like Gecko) Chrome/89.0.4389.90 Mobile Safari/537.36"
::1 - - [Sat, 27 Mar 2021 07:08:14 GMT] "GET /api/usuario/verificar/username/luis HTTP/1.1" 304 - "http://localhost:4200/" "Mozilla/5.0 (Linux; Android 6.0; Nexus 5 Build/MRA58N) AppleWebKit/537.36 (KHTML, like Gecko) Chrome/89.0.4389.90 Mobile Safari/537.36"
::1 - - [Fri, 02 Apr 2021 05:47:20 GMT] "OPTIONS /api/login HTTP/1.1" 200 - "http://localhost:4200/" "Mozilla/5.0 (Windows NT 10.0; Win64; x64) AppleWebKit/537.36 (KHTML, like Gecko) Chrome/89.0.4389.90 Safari/537.36"
::1 - - [Fri, 02 Apr 2021 05:47:21 GMT] "POST /api/login HTTP/1.1" 400 69 "http://localhost:4200/" "Mozilla/5.0 (Windows NT 10.0; Win64; x64) AppleWebKit/537.36 (KHTML, like Gecko) Chrome/89.0.4389.90 Safari/537.36"
::1 - - [Fri, 02 Apr 2021 05:50:34 GMT] "OPTIONS /api/login HTTP/1.1" 200 - "http://localhost:4200/" "Mozilla/5.0 (Windows NT 10.0; Win64; x64) AppleWebKit/537.36 (KHTML, like Gecko) Chrome/89.0.4389.90 Safari/537.36"
::1 - - [Fri, 02 Apr 2021 05:50:35 GMT] "POST /api/login HTTP/1.1" 400 69 "http://localhost:4200/" "Mozilla/5.0 (Windows NT 10.0; Win64; x64) AppleWebKit/537.36 (KHTML, like Gecko) Chrome/89.0.4389.90 Safari/537.36"
::1 - - [Fri, 02 Apr 2021 05:50:37 GMT] "POST /api/login HTTP/1.1" 400 69 "http://localhost:4200/" "Mozilla/5.0 (Windows NT 10.0; Win64; x64) AppleWebKit/537.36 (KHTML, like Gecko) Chrome/89.0.4389.90 Safari/537.36"
::1 - - [Fri, 02 Apr 2021 05:50:39 GMT] "POST /api/login HTTP/1.1" 400 69 "http://localhost:4200/" "Mozilla/5.0 (Windows NT 10.0; Win64; x64) AppleWebKit/537.36 (KHTML, like Gecko) Chrome/89.0.4389.90 Safari/537.36"
::1 - - [Fri, 02 Apr 2021 05:50:45 GMT] "OPTIONS /api/login HTTP/1.1" 200 - "http://localhost:4200/" "Mozilla/5.0 (Windows NT 10.0; Win64; x64) AppleWebKit/537.36 (KHTML, like Gecko) Chrome/89.0.4389.90 Safari/537.36"
::1 - - [Fri, 02 Apr 2021 05:50:46 GMT] "POST /api/login HTTP/1.1" 400 69 "http://localhost:4200/" "Mozilla/5.0 (Windows NT 10.0; Win64; x64) AppleWebKit/537.36 (KHTML, like Gecko) Chrome/89.0.4389.90 Safari/537.36"
::1 - - [Fri, 02 Apr 2021 05:51:10 GMT] "GET /api/usuario/verificar/username/ HTTP/1.1" 404 - "http://localhost:4200/" "Mozilla/5.0 (Windows NT 10.0; Win64; x64) AppleWebKit/537.36 (KHTML, like Gecko) Chrome/89.0.4389.90 Safari/537.36"
::1 - - [Fri, 02 Apr 2021 05:51:13 GMT] "GET /api/usuario/verificar/username/ivan HTTP/1.1" 304 - "http://localhost:4200/" "Mozilla/5.0 (Windows NT 10.0; Win64; x64) AppleWebKit/537.36 (KHTML, like Gecko) Chrome/89.0.4389.90 Safari/537.36"
::1 - - [Fri, 02 Apr 2021 05:51:36 GMT] "GET /api/usuario/verificar/username/ivan1 HTTP/1.1" 200 19 "http://localhost:4200/" "Mozilla/5.0 (Windows NT 10.0; Win64; x64) AppleWebKit/537.36 (KHTML, like Gecko) Chrome/89.0.4389.90 Safari/537.36"
::1 - - [Fri, 02 Apr 2021 05:51:55 GMT] "OPTIONS /api/usuario/registrar HTTP/1.1" 200 - "http://localhost:4200/" "Mozilla/5.0 (Windows NT 10.0; Win64; x64) AppleWebKit/537.36 (KHTML, like Gecko) Chrome/89.0.4389.90 Safari/537.36"
::1 - - [Fri, 02 Apr 2021 05:51:56 GMT] "POST /api/usuario/registrar HTTP/1.1" 200 422 "http://localhost:4200/" "Mozilla/5.0 (Windows NT 10.0; Win64; x64) AppleWebKit/537.36 (KHTML, like Gecko) Chrome/89.0.4389.90 Safari/537.36"
::1 - - [Fri, 02 Apr 2021 05:52:08 GMT] "OPTIONS /api/login HTTP/1.1" 200 - "http://localhost:4200/" "Mozilla/5.0 (Windows NT 10.0; Win64; x64) AppleWebKit/537.36 (KHTML, like Gecko) Chrome/89.0.4389.90 Safari/537.36"
::1 - - [Fri, 02 Apr 2021 05:52:08 GMT] "POST /api/login HTTP/1.1" 200 398 "http://localhost:4200/" "Mozilla/5.0 (Windows NT 10.0; Win64; x64) AppleWebKit/537.36 (KHTML, like Gecko) Chrome/89.0.4389.90 Safari/537.36"
::1 - - [Fri, 02 Apr 2021 05:53:16 GMT] "GET /api/producto/verificar/cdb/1 HTTP/1.1" 200 19 "http://localhost:4200/" "Mozilla/5.0 (Windows NT 10.0; Win64; x64) AppleWebKit/537.36 (KHTML, like Gecko) Chrome/89.0.4389.90 Safari/537.36"
::1 - - [Fri, 02 Apr 2021 05:53:16 GMT] "GET /api/producto/verificar/cdb/12 HTTP/1.1" 200 19 "http://localhost:4200/" "Mozilla/5.0 (Windows NT 10.0; Win64; x64) AppleWebKit/537.36 (KHTML, like Gecko) Chrome/89.0.4389.90 Safari/537.36"
::1 - - [Fri, 02 Apr 2021 05:53:49 GMT] "OPTIONS /api/producto/registrar HTTP/1.1" 200 - "http://localhost:4200/" "Mozilla/5.0 (Windows NT 10.0; Win64; x64) AppleWebKit/537.36 (KHTML, like Gecko) Chrome/89.0.4389.90 Safari/537.36"
::1 - - [Fri, 02 Apr 2021 05:53:49 GMT] "POST /api/producto/registrar HTTP/1.1" 200 196 "http://localhost:4200/" "Mozilla/5.0 (Windows NT 10.0; Win64; x64) AppleWebKit/537.36 (KHTML, like Gecko) Chrome/89.0.4389.90 Safari/537.36"
::1 - - [Fri, 02 Apr 2021 05:53:53 GMT] "GET /api/obtenerNegocios HTTP/1.1" 200 2 "http://localhost:4200/" "Mozilla/5.0 (Windows NT 10.0; Win64; x64) AppleWebKit/537.36 (KHTML, like Gecko) Chrome/89.0.4389.90 Safari/537.36"
::1 - - [Fri, 02 Apr 2021 05:55:34 GMT] "GET /api/obtenerCategorias HTTP/1.1" 200 2 "http://localhost:4200/" "Mozilla/5.0 (Windows NT 10.0; Win64; x64) AppleWebKit/537.36 (KHTML, like Gecko) Chrome/89.0.4389.90 Safari/537.36"
::1 - - [Fri, 02 Apr 2021 05:56:27 GMT] "OPTIONS /api/registrarNegocio HTTP/1.1" 200 - "http://localhost:4200/" "Mozilla/5.0 (Windows NT 10.0; Win64; x64) AppleWebKit/537.36 (KHTML, like Gecko) Chrome/89.0.4389.90 Safari/537.36"
::1 - - [Fri, 02 Apr 2021 05:56:27 GMT] "POST /api/registrarNegocio HTTP/1.1" 200 228 "http://localhost:4200/" "Mozilla/5.0 (Windows NT 10.0; Win64; x64) AppleWebKit/537.36 (KHTML, like Gecko) Chrome/89.0.4389.90 Safari/537.36"
::1 - - [Fri, 02 Apr 2021 05:56:36 GMT] "GET /api/obtenerNegocios HTTP/1.1" 200 206 "http://localhost:4200/" "Mozilla/5.0 (Windows NT 10.0; Win64; x64) AppleWebKit/537.36 (KHTML, like Gecko) Chrome/89.0.4389.90 Safari/537.36"
::1 - - [Fri, 02 Apr 2021 05:56:41 GMT] "GET /api/obtenerCategorias HTTP/1.1" - - "http://localhost:4200/" "Mozilla/5.0 (Windows NT 10.0; Win64; x64) AppleWebKit/537.36 (KHTML, like Gecko) Chrome/89.0.4389.90 Safari/537.36"
::1 - - [Fri, 02 Apr 2021 05:56:56 GMT] "OPTIONS /api/login HTTP/1.1" 200 - "http://localhost:4200/" "Mozilla/5.0 (Windows NT 10.0; Win64; x64) AppleWebKit/537.36 (KHTML, like Gecko) Chrome/89.0.4389.90 Safari/537.36"
::1 - - [Fri, 02 Apr 2021 05:56:56 GMT] "POST /api/login HTTP/1.1" 400 69 "http://localhost:4200/" "Mozilla/5.0 (Windows NT 10.0; Win64; x64) AppleWebKit/537.36 (KHTML, like Gecko) Chrome/89.0.4389.90 Safari/537.36"
::1 - - [Fri, 02 Apr 2021 05:57:00 GMT] "POST /api/login HTTP/1.1" 200 398 "http://localhost:4200/" "Mozilla/5.0 (Windows NT 10.0; Win64; x64) AppleWebKit/537.36 (KHTML, like Gecko) Chrome/89.0.4389.90 Safari/537.36"
::1 - - [Fri, 02 Apr 2021 05:57:18 GMT] "GET /api/obtenerCategorias HTTP/1.1" 200 2 "http://localhost:4200/" "Mozilla/5.0 (Windows NT 10.0; Win64; x64) AppleWebKit/537.36 (KHTML, like Gecko) Chrome/89.0.4389.90 Safari/537.36"
::1 - - [Fri, 02 Apr 2021 05:57:49 GMT] "OPTIONS /api/registrarNegocio HTTP/1.1" 200 - "http://localhost:4200/" "Mozilla/5.0 (Windows NT 10.0; Win64; x64) AppleWebKit/537.36 (KHTML, like Gecko) Chrome/89.0.4389.90 Safari/537.36"
::1 - - [Fri, 02 Apr 2021 05:57:50 GMT] "POST /api/registrarNegocio HTTP/1.1" 200 229 "http://localhost:4200/" "Mozilla/5.0 (Windows NT 10.0; Win64; x64) AppleWebKit/537.36 (KHTML, like Gecko) Chrome/89.0.4389.90 Safari/537.36"
::1 - - [Fri, 02 Apr 2021 05:58:14 GMT] "GET /api/producto/verificar/cdb/1 HTTP/1.1" 304 - "http://localhost:4200/" "Mozilla/5.0 (Linux; Android 6.0; Nexus 5 Build/MRA58N) AppleWebKit/537.36 (KHTML, like Gecko) Chrome/89.0.4389.90 Mobile Safari/537.36"
::1 - - [Fri, 02 Apr 2021 05:58:14 GMT] "GET /api/producto/verificar/cdb/12 HTTP/1.1" 200 20 "http://localhost:4200/" "Mozilla/5.0 (Linux; Android 6.0; Nexus 5 Build/MRA58N) AppleWebKit/537.36 (KHTML, like Gecko) Chrome/89.0.4389.90 Mobile Safari/537.36"
::1 - - [Fri, 02 Apr 2021 05:58:19 GMT] "GET /api/producto/verificar/cdb/123 HTTP/1.1" 200 19 "http://localhost:4200/" "Mozilla/5.0 (Linux; Android 6.0; Nexus 5 Build/MRA58N) AppleWebKit/537.36 (KHTML, like Gecko) Chrome/89.0.4389.90 Mobile Safari/537.36"
::1 - - [Fri, 02 Apr 2021 05:59:01 GMT] "OPTIONS /api/producto/registrar HTTP/1.1" 200 - "http://localhost:4200/" "Mozilla/5.0 (Linux; Android 6.0; Nexus 5 Build/MRA58N) AppleWebKit/537.36 (KHTML, like Gecko) Chrome/89.0.4389.90 Mobile Safari/537.36"
::1 - - [Fri, 02 Apr 2021 05:59:01 GMT] "POST /api/producto/registrar HTTP/1.1" 200 207 "http://localhost:4200/" "Mozilla/5.0 (Linux; Android 6.0; Nexus 5 Build/MRA58N) AppleWebKit/537.36 (KHTML, like Gecko) Chrome/89.0.4389.90 Mobile Safari/537.36"
::1 - - [Fri, 02 Apr 2021 05:59:02 GMT] "GET /api/obtenerNegocios HTTP/1.1" 200 412 "http://localhost:4200/" "Mozilla/5.0 (Linux; Android 6.0; Nexus 5 Build/MRA58N) AppleWebKit/537.36 (KHTML, like Gecko) Chrome/89.0.4389.90 Mobile Safari/537.36"
::1 - - [Fri, 02 Apr 2021 06:00:07 GMT] "OPTIONS /api/producto/add/negocio/6066b2a5f2f84c4634df62e5 HTTP/1.1" 200 - "http://localhost:4200/" "Mozilla/5.0 (Linux; Android 6.0; Nexus 5 Build/MRA58N) AppleWebKit/537.36 (KHTML, like Gecko) Chrome/89.0.4389.90 Mobile Safari/537.36"
::1 - - [Fri, 02 Apr 2021 06:00:08 GMT] "PUT /api/producto/add/negocio/6066b2a5f2f84c4634df62e5 HTTP/1.1" 200 315 "http://localhost:4200/" "Mozilla/5.0 (Linux; Android 6.0; Nexus 5 Build/MRA58N) AppleWebKit/537.36 (KHTML, like Gecko) Chrome/89.0.4389.90 Mobile Safari/537.36"
::1 - - [Fri, 02 Apr 2021 06:05:22 GMT] "GET /api/obtenerNegocios HTTP/1.1" 304 - "http://localhost:4200/" "Mozilla/5.0 (Linux; Android 6.0; Nexus 5 Build/MRA58N) AppleWebKit/537.36 (KHTML, like Gecko) Chrome/89.0.4389.90 Mobile Safari/537.36"
::1 - - [Fri, 02 Apr 2021 06:05:30 GMT] "GET /api/producto/verificar/cdb/1 HTTP/1.1" 304 - "http://localhost:4200/" "Mozilla/5.0 (Linux; Android 6.0; Nexus 5 Build/MRA58N) AppleWebKit/537.36 (KHTML, like Gecko) Chrome/89.0.4389.90 Mobile Safari/537.36"
::1 - - [Fri, 02 Apr 2021 06:05:30 GMT] "GET /api/producto/verificar/cdb/12 HTTP/1.1" 304 - "http://localhost:4200/" "Mozilla/5.0 (Linux; Android 6.0; Nexus 5 Build/MRA58N) AppleWebKit/537.36 (KHTML, like Gecko) Chrome/89.0.4389.90 Mobile Safari/537.36"
::1 - - [Fri, 02 Apr 2021 06:05:31 GMT] "GET /api/producto/verificar/cdb/123 HTTP/1.1" 200 20 "http://localhost:4200/" "Mozilla/5.0 (Linux; Android 6.0; Nexus 5 Build/MRA58N) AppleWebKit/537.36 (KHTML, like Gecko) Chrome/89.0.4389.90 Mobile Safari/537.36"
::1 - - [Fri, 02 Apr 2021 06:05:32 GMT] "GET /api/producto/verificar/cdb/1234 HTTP/1.1" 200 19 "http://localhost:4200/" "Mozilla/5.0 (Linux; Android 6.0; Nexus 5 Build/MRA58N) AppleWebKit/537.36 (KHTML, like Gecko) Chrome/89.0.4389.90 Mobile Safari/537.36"
::1 - - [Fri, 02 Apr 2021 06:05:46 GMT] "OPTIONS /api/producto/registrar HTTP/1.1" 200 - "http://localhost:4200/" "Mozilla/5.0 (Linux; Android 6.0; Nexus 5 Build/MRA58N) AppleWebKit/537.36 (KHTML, like Gecko) Chrome/89.0.4389.90 Mobile Safari/537.36"
::1 - - [Fri, 02 Apr 2021 06:05:46 GMT] "POST /api/producto/registrar HTTP/1.1" 200 187 "http://localhost:4200/" "Mozilla/5.0 (Linux; Android 6.0; Nexus 5 Build/MRA58N) AppleWebKit/537.36 (KHTML, like Gecko) Chrome/89.0.4389.90 Mobile Safari/537.36"
::1 - - [Fri, 02 Apr 2021 06:05:47 GMT] "GET /api/obtenerNegocios HTTP/1.1" 304 - "http://localhost:4200/" "Mozilla/5.0 (Linux; Android 6.0; Nexus 5 Build/MRA58N) AppleWebKit/537.36 (KHTML, like Gecko) Chrome/89.0.4389.90 Mobile Safari/537.36"
::1 - - [Fri, 02 Apr 2021 06:50:26 GMT] "OPTIONS /api/producto/add/negocio/6066b43af2f84c4634df62e6 HTTP/1.1" 200 - "http://localhost:4200/" "Mozilla/5.0 (Linux; Android 6.0; Nexus 5 Build/MRA58N) AppleWebKit/537.36 (KHTML, like Gecko) Chrome/89.0.4389.90 Mobile Safari/537.36"
::1 - - [Fri, 02 Apr 2021 06:50:27 GMT] "PUT /api/producto/add/negocio/6066b43af2f84c4634df62e6 HTTP/1.1" 200 284 "http://localhost:4200/" "Mozilla/5.0 (Linux; Android 6.0; Nexus 5 Build/MRA58N) AppleWebKit/537.36 (KHTML, like Gecko) Chrome/89.0.4389.90 Mobile Safari/537.36"
::1 - - [Fri, 02 Apr 2021 06:52:14 GMT] "OPTIONS /api/producto/registrar HTTP/1.1" 200 - "http://localhost:4200/" "Mozilla/5.0 (Linux; Android 6.0; Nexus 5 Build/MRA58N) AppleWebKit/537.36 (KHTML, like Gecko) Chrome/89.0.4389.90 Mobile Safari/537.36"
::1 - - [Fri, 02 Apr 2021 06:52:14 GMT] "POST /api/producto/registrar HTTP/1.1" 200 179 "http://localhost:4200/" "Mozilla/5.0 (Linux; Android 6.0; Nexus 5 Build/MRA58N) AppleWebKit/537.36 (KHTML, like Gecko) Chrome/89.0.4389.90 Mobile Safari/537.36"
::1 - - [Fri, 02 Apr 2021 06:52:14 GMT] "GET /api/obtenerNegocios HTTP/1.1" 304 - "http://localhost:4200/" "Mozilla/5.0 (Linux; Android 6.0; Nexus 5 Build/MRA58N) AppleWebKit/537.36 (KHTML, like Gecko) Chrome/89.0.4389.90 Mobile Safari/537.36"
::1 - - [Fri, 02 Apr 2021 06:59:51 GMT] "OPTIONS /api/producto/registrar HTTP/1.1" 200 - "http://localhost:4200/" "Mozilla/5.0 (Linux; Android 6.0; Nexus 5 Build/MRA58N) AppleWebKit/537.36 (KHTML, like Gecko) Chrome/89.0.4389.90 Mobile Safari/537.36"
::1 - - [Fri, 02 Apr 2021 06:59:52 GMT] "POST /api/producto/registrar HTTP/1.1" 200 179 "http://localhost:4200/" "Mozilla/5.0 (Linux; Android 6.0; Nexus 5 Build/MRA58N) AppleWebKit/537.36 (KHTML, like Gecko) Chrome/89.0.4389.90 Mobile Safari/537.36"
::1 - - [Fri, 02 Apr 2021 06:59:53 GMT] "GET /api/obtenerNegocios HTTP/1.1" 304 - "http://localhost:4200/" "Mozilla/5.0 (Linux; Android 6.0; Nexus 5 Build/MRA58N) AppleWebKit/537.36 (KHTML, like Gecko) Chrome/89.0.4389.90 Mobile Safari/537.36"
::1 - - [Fri, 02 Apr 2021 07:01:21 GMT] "GET /api/producto/verificar/cdb/123 HTTP/1.1" 200 19 "http://localhost:4200/" "Mozilla/5.0 (Linux; Android 6.0; Nexus 5 Build/MRA58N) AppleWebKit/537.36 (KHTML, like Gecko) Chrome/89.0.4389.90 Mobile Safari/537.36"
::1 - - [Fri, 02 Apr 2021 07:01:22 GMT] "GET /api/producto/verificar/cdb/ HTTP/1.1" 404 - "http://localhost:4200/" "Mozilla/5.0 (Linux; Android 6.0; Nexus 5 Build/MRA58N) AppleWebKit/537.36 (KHTML, like Gecko) Chrome/89.0.4389.90 Mobile Safari/537.36"
::1 - - [Fri, 02 Apr 2021 07:01:22 GMT] "GET /api/producto/verificar/cdb/12 HTTP/1.1" 200 19 "http://localhost:4200/" "Mozilla/5.0 (Linux; Android 6.0; Nexus 5 Build/MRA58N) AppleWebKit/537.36 (KHTML, like Gecko) Chrome/89.0.4389.90 Mobile Safari/537.36"
::1 - - [Fri, 02 Apr 2021 07:01:22 GMT] "GET /api/producto/verificar/cdb/1 HTTP/1.1" 304 - "http://localhost:4200/" "Mozilla/5.0 (Linux; Android 6.0; Nexus 5 Build/MRA58N) AppleWebKit/537.36 (KHTML, like Gecko) Chrome/89.0.4389.90 Mobile Safari/537.36"
::1 - - [Fri, 02 Apr 2021 07:01:24 GMT] "GET /api/producto/verificar/cdb/1 HTTP/1.1" 304 - "http://localhost:4200/" "Mozilla/5.0 (Linux; Android 6.0; Nexus 5 Build/MRA58N) AppleWebKit/537.36 (KHTML, like Gecko) Chrome/89.0.4389.90 Mobile Safari/537.36"
::1 - - [Fri, 02 Apr 2021 07:01:24 GMT] "GET /api/producto/verificar/cdb/12 HTTP/1.1" 304 - "http://localhost:4200/" "Mozilla/5.0 (Linux; Android 6.0; Nexus 5 Build/MRA58N) AppleWebKit/537.36 (KHTML, like Gecko) Chrome/89.0.4389.90 Mobile Safari/537.36"
::1 - - [Fri, 02 Apr 2021 07:01:24 GMT] "GET /api/producto/verificar/cdb/123 HTTP/1.1" 304 - "http://localhost:4200/" "Mozilla/5.0 (Linux; Android 6.0; Nexus 5 Build/MRA58N) AppleWebKit/537.36 (KHTML, like Gecko) Chrome/89.0.4389.90 Mobile Safari/537.36"
::1 - - [Fri, 02 Apr 2021 07:01:27 GMT] "GET /api/producto/verificar/cdb/12 HTTP/1.1" 304 - "http://localhost:4200/" "Mozilla/5.0 (Linux; Android 6.0; Nexus 5 Build/MRA58N) AppleWebKit/537.36 (KHTML, like Gecko) Chrome/89.0.4389.90 Mobile Safari/537.36"
::1 - - [Fri, 02 Apr 2021 07:01:27 GMT] "GET /api/producto/verificar/cdb/1 HTTP/1.1" 304 - "http://localhost:4200/" "Mozilla/5.0 (Linux; Android 6.0; Nexus 5 Build/MRA58N) AppleWebKit/537.36 (KHTML, like Gecko) Chrome/89.0.4389.90 Mobile Safari/537.36"
::1 - - [Fri, 02 Apr 2021 07:02:24 GMT] "GET /api/producto/verificar/cdb/ HTTP/1.1" 404 - "http://localhost:4200/" "Mozilla/5.0 (Linux; Android 6.0; Nexus 5 Build/MRA58N) AppleWebKit/537.36 (KHTML, like Gecko) Chrome/89.0.4389.90 Mobile Safari/537.36"
::1 - - [Fri, 02 Apr 2021 07:02:25 GMT] "GET /api/producto/verificar/cdb/1 HTTP/1.1" 304 - "http://localhost:4200/" "Mozilla/5.0 (Linux; Android 6.0; Nexus 5 Build/MRA58N) AppleWebKit/537.36 (KHTML, like Gecko) Chrome/89.0.4389.90 Mobile Safari/537.36"
::1 - - [Fri, 02 Apr 2021 07:10:31 GMT] "GET /api/usuario/verificar/username/as HTTP/1.1" 200 20 "http://localhost:4200/" "Mozilla/5.0 (Linux; Android 6.0; Nexus 5 Build/MRA58N) AppleWebKit/537.36 (KHTML, like Gecko) Chrome/89.0.4389.90 Mobile Safari/537.36"
::1 - - [Fri, 02 Apr 2021 07:10:34 GMT] "GET /api/usuario/verificar/username/asd HTTP/1.1" 200 19 "http://localhost:4200/" "Mozilla/5.0 (Linux; Android 6.0; Nexus 5 Build/MRA58N) AppleWebKit/537.36 (KHTML, like Gecko) Chrome/89.0.4389.90 Mobile Safari/537.36"
::1 - - [Fri, 02 Apr 2021 07:15:36 GMT] "OPTIONS /api/login HTTP/1.1" 200 - "http://localhost:4200/" "Mozilla/5.0 (Linux; Android 6.0; Nexus 5 Build/MRA58N) AppleWebKit/537.36 (KHTML, like Gecko) Chrome/89.0.4389.90 Mobile Safari/537.36"
::1 - - [Fri, 02 Apr 2021 07:15:36 GMT] "POST /api/login HTTP/1.1" 200 398 "http://localhost:4200/" "Mozilla/5.0 (Linux; Android 6.0; Nexus 5 Build/MRA58N) AppleWebKit/537.36 (KHTML, like Gecko) Chrome/89.0.4389.90 Mobile Safari/537.36"
::1 - - [Fri, 02 Apr 2021 07:15:57 GMT] "OPTIONS /api/login HTTP/1.1" 200 - "http://localhost:4200/" "Mozilla/5.0 (Linux; Android 6.0; Nexus 5 Build/MRA58N) AppleWebKit/537.36 (KHTML, like Gecko) Chrome/89.0.4389.90 Mobile Safari/537.36"
::1 - - [Fri, 02 Apr 2021 07:15:57 GMT] "POST /api/login HTTP/1.1" 400 69 "http://localhost:4200/" "Mozilla/5.0 (Linux; Android 6.0; Nexus 5 Build/MRA58N) AppleWebKit/537.36 (KHTML, like Gecko) Chrome/89.0.4389.90 Mobile Safari/537.36"
::1 - - [Fri, 02 Apr 2021 07:16:05 GMT] "OPTIONS /api/login HTTP/1.1" 200 - "http://localhost:4200/" "Mozilla/5.0 (Linux; Android 6.0; Nexus 5 Build/MRA58N) AppleWebKit/537.36 (KHTML, like Gecko) Chrome/89.0.4389.90 Mobile Safari/537.36"
::1 - - [Fri, 02 Apr 2021 07:16:05 GMT] "POST /api/login HTTP/1.1" 200 398 "http://localhost:4200/" "Mozilla/5.0 (Linux; Android 6.0; Nexus 5 Build/MRA58N) AppleWebKit/537.36 (KHTML, like Gecko) Chrome/89.0.4389.90 Mobile Safari/537.36"
::1 - - [Fri, 02 Apr 2021 07:19:57 GMT] "OPTIONS /api/login HTTP/1.1" 200 - "http://localhost:4200/" "Mozilla/5.0 (Linux; Android 6.0; Nexus 5 Build/MRA58N) AppleWebKit/537.36 (KHTML, like Gecko) Chrome/89.0.4389.90 Mobile Safari/537.36"
::1 - - [Fri, 02 Apr 2021 07:19:57 GMT] "POST /api/login HTTP/1.1" 200 398 "http://localhost:4200/" "Mozilla/5.0 (Linux; Android 6.0; Nexus 5 Build/MRA58N) AppleWebKit/537.36 (KHTML, like Gecko) Chrome/89.0.4389.90 Mobile Safari/537.36"
::1 - - [Fri, 02 Apr 2021 07:30:56 GMT] "OPTIONS /api/login HTTP/1.1" 200 - "http://localhost:4200/" "Mozilla/5.0 (Linux; Android 6.0; Nexus 5 Build/MRA58N) AppleWebKit/537.36 (KHTML, like Gecko) Chrome/89.0.4389.90 Mobile Safari/537.36"
::1 - - [Fri, 02 Apr 2021 07:30:57 GMT] "POST /api/login HTTP/1.1" 200 398 "http://localhost:4200/" "Mozilla/5.0 (Linux; Android 6.0; Nexus 5 Build/MRA58N) AppleWebKit/537.36 (KHTML, like Gecko) Chrome/89.0.4389.90 Mobile Safari/537.36"
::1 - - [Fri, 02 Apr 2021 07:31:03 GMT] "GET /api/producto/verificar/cdb/1 HTTP/1.1" 304 - "http://localhost:4200/" "Mozilla/5.0 (Linux; Android 6.0; Nexus 5 Build/MRA58N) AppleWebKit/537.36 (KHTML, like Gecko) Chrome/89.0.4389.90 Mobile Safari/537.36"
::1 - - [Fri, 02 Apr 2021 14:24:08 GMT] "OPTIONS /api/login HTTP/1.1" 200 - "http://localhost:4200/" "Mozilla/5.0 (Linux; Android 6.0; Nexus 5 Build/MRA58N) AppleWebKit/537.36 (KHTML, like Gecko) Chrome/89.0.4389.90 Mobile Safari/537.36"
::1 - - [Fri, 02 Apr 2021 14:24:09 GMT] "POST /api/login HTTP/1.1" 200 398 "http://localhost:4200/" "Mozilla/5.0 (Linux; Android 6.0; Nexus 5 Build/MRA58N) AppleWebKit/537.36 (KHTML, like Gecko) Chrome/89.0.4389.90 Mobile Safari/537.36"
::1 - - [Fri, 02 Apr 2021 14:24:17 GMT] "GET /api/obtenerCategorias HTTP/1.1" 304 - "http://localhost:4200/" "Mozilla/5.0 (Linux; Android 6.0; Nexus 5 Build/MRA58N) AppleWebKit/537.36 (KHTML, like Gecko) Chrome/89.0.4389.90 Mobile Safari/537.36"
::1 - - [Fri, 02 Apr 2021 14:26:01 GMT] "OPTIONS /api/registrarNegocio HTTP/1.1" 200 - "http://localhost:4200/" "Mozilla/5.0 (Linux; Android 6.0; Nexus 5 Build/MRA58N) AppleWebKit/537.36 (KHTML, like Gecko) Chrome/89.0.4389.90 Mobile Safari/537.36"
::1 - - [Fri, 02 Apr 2021 14:26:02 GMT] "POST /api/registrarNegocio HTTP/1.1" 400 746 "http://localhost:4200/" "Mozilla/5.0 (Linux; Android 6.0; Nexus 5 Build/MRA58N) AppleWebKit/537.36 (KHTML, like Gecko) Chrome/89.0.4389.90 Mobile Safari/537.36"
::1 - - [Fri, 02 Apr 2021 14:26:02 GMT] "POST /api/registrarNegocio HTTP/1.1" 400 746 "http://localhost:4200/" "Mozilla/5.0 (Linux; Android 6.0; Nexus 5 Build/MRA58N) AppleWebKit/537.36 (KHTML, like Gecko) Chrome/89.0.4389.90 Mobile Safari/537.36"
::1 - - [Fri, 02 Apr 2021 14:26:02 GMT] "POST /api/registrarNegocio HTTP/1.1" 400 746 "http://localhost:4200/" "Mozilla/5.0 (Linux; Android 6.0; Nexus 5 Build/MRA58N) AppleWebKit/537.36 (KHTML, like Gecko) Chrome/89.0.4389.90 Mobile Safari/537.36"
::1 - - [Fri, 02 Apr 2021 14:34:03 GMT] "GET /api/obtenerCategorias HTTP/1.1" - - "http://localhost:4200/" "Mozilla/5.0 (Linux; Android 6.0; Nexus 5 Build/MRA58N) AppleWebKit/537.36 (KHTML, like Gecko) Chrome/89.0.4389.90 Mobile Safari/537.36"
::1 - - [Sat, 03 Apr 2021 02:52:42 GMT] "OPTIONS /api/login HTTP/1.1" 200 - "http://localhost:4200/" "Mozilla/5.0 (Linux; Android 6.0; Nexus 5 Build/MRA58N) AppleWebKit/537.36 (KHTML, like Gecko) Chrome/89.0.4389.90 Mobile Safari/537.36"
::1 - - [Sat, 03 Apr 2021 02:52:44 GMT] "POST /api/login HTTP/1.1" 200 398 "http://localhost:4200/" "Mozilla/5.0 (Linux; Android 6.0; Nexus 5 Build/MRA58N) AppleWebKit/537.36 (KHTML, like Gecko) Chrome/89.0.4389.90 Mobile Safari/537.36"
::1 - - [Sat, 03 Apr 2021 02:52:52 GMT] "GET /api/obtenerCategorias HTTP/1.1" 200 2 "http://localhost:4200/" "Mozilla/5.0 (Linux; Android 6.0; Nexus 5 Build/MRA58N) AppleWebKit/537.36 (KHTML, like Gecko) Chrome/89.0.4389.90 Mobile Safari/537.36"
::1 - - [Sat, 03 Apr 2021 02:59:43 GMT] "GET /api/obtenerCategorias HTTP/1.1" - - "http://localhost:4200/" "Mozilla/5.0 (Linux; Android 6.0; Nexus 5 Build/MRA58N) AppleWebKit/537.36 (KHTML, like Gecko) Chrome/89.0.4389.90 Mobile Safari/537.36"
::1 - - [Sat, 03 Apr 2021 02:59:56 GMT] "OPTIONS /api/login HTTP/1.1" 200 - "http://localhost:4200/" "Mozilla/5.0 (Linux; Android 6.0; Nexus 5 Build/MRA58N) AppleWebKit/537.36 (KHTML, like Gecko) Chrome/89.0.4389.90 Mobile Safari/537.36"
::1 - - [Sat, 03 Apr 2021 02:59:57 GMT] "POST /api/login HTTP/1.1" 200 398 "http://localhost:4200/" "Mozilla/5.0 (Linux; Android 6.0; Nexus 5 Build/MRA58N) AppleWebKit/537.36 (KHTML, like Gecko) Chrome/89.0.4389.90 Mobile Safari/537.36"
::1 - - [Sat, 03 Apr 2021 03:00:00 GMT] "GET /api/obtenerCategorias HTTP/1.1" 200 2 "http://localhost:4200/" "Mozilla/5.0 (Linux; Android 6.0; Nexus 5 Build/MRA58N) AppleWebKit/537.36 (KHTML, like Gecko) Chrome/89.0.4389.90 Mobile Safari/537.36"
::1 - - [Sat, 03 Apr 2021 03:08:50 GMT] "GET /api/obtenerCategorias HTTP/1.1" - - "http://localhost:4200/" "Mozilla/5.0 (Linux; Android 6.0; Nexus 5 Build/MRA58N) AppleWebKit/537.36 (KHTML, like Gecko) Chrome/89.0.4389.90 Mobile Safari/537.36"
::1 - - [Sun, 04 Apr 2021 02:41:37 GMT] "OPTIONS /api/login HTTP/1.1" 200 - "http://localhost:4200/" "Mozilla/5.0 (Linux; Android 6.0; Nexus 5 Build/MRA58N) AppleWebKit/537.36 (KHTML, like Gecko) Chrome/89.0.4389.90 Mobile Safari/537.36"
::1 - - [Sun, 04 Apr 2021 02:41:39 GMT] "POST /api/login HTTP/1.1" 200 398 "http://localhost:4200/" "Mozilla/5.0 (Linux; Android 6.0; Nexus 5 Build/MRA58N) AppleWebKit/537.36 (KHTML, like Gecko) Chrome/89.0.4389.90 Mobile Safari/537.36"
::1 - - [Sun, 04 Apr 2021 02:41:42 GMT] "GET /api/obtenerCategorias HTTP/1.1" 200 2 "http://localhost:4200/" "Mozilla/5.0 (Linux; Android 6.0; Nexus 5 Build/MRA58N) AppleWebKit/537.36 (KHTML, like Gecko) Chrome/89.0.4389.90 Mobile Safari/537.36"
::1 - - [Sun, 04 Apr 2021 02:43:02 GMT] "GET /api/obtenerCategorias HTTP/1.1" 304 - "http://localhost:4200/" "Mozilla/5.0 (Linux; Android 6.0; Nexus 5 Build/MRA58N) AppleWebKit/537.36 (KHTML, like Gecko) Chrome/89.0.4389.90 Mobile Safari/537.36"
::1 - - [Sun, 04 Apr 2021 02:43:15 GMT] "OPTIONS /api/login HTTP/1.1" 200 - "http://localhost:4200/" "Mozilla/5.0 (Linux; Android 6.0; Nexus 5 Build/MRA58N) AppleWebKit/537.36 (KHTML, like Gecko) Chrome/89.0.4389.90 Mobile Safari/537.36"
::1 - - [Sun, 04 Apr 2021 02:43:15 GMT] "POST /api/login HTTP/1.1" 200 398 "http://localhost:4200/" "Mozilla/5.0 (Linux; Android 6.0; Nexus 5 Build/MRA58N) AppleWebKit/537.36 (KHTML, like Gecko) Chrome/89.0.4389.90 Mobile Safari/537.36"
::1 - - [Sun, 04 Apr 2021 02:43:20 GMT] "GET /api/obtenerCategorias HTTP/1.1" 304 - "http://localhost:4200/" "Mozilla/5.0 (Linux; Android 6.0; Nexus 5 Build/MRA58N) AppleWebKit/537.36 (KHTML, like Gecko) Chrome/89.0.4389.90 Mobile Safari/537.36"
::1 - - [Sun, 04 Apr 2021 02:44:39 GMT] "GET /api/obtenerCategorias HTTP/1.1" 304 - "http://localhost:4200/" "Mozilla/5.0 (Linux; Android 6.0; Nexus 5 Build/MRA58N) AppleWebKit/537.36 (KHTML, like Gecko) Chrome/89.0.4389.90 Mobile Safari/537.36"
::1 - - [Sun, 04 Apr 2021 02:45:36 GMT] "OPTIONS /api/login HTTP/1.1" 200 - "http://localhost:4200/" "Mozilla/5.0 (Linux; Android 6.0; Nexus 5 Build/MRA58N) AppleWebKit/537.36 (KHTML, like Gecko) Chrome/89.0.4389.90 Mobile Safari/537.36"
::1 - - [Sun, 04 Apr 2021 02:45:37 GMT] "POST /api/login HTTP/1.1" 200 398 "http://localhost:4200/" "Mozilla/5.0 (Linux; Android 6.0; Nexus 5 Build/MRA58N) AppleWebKit/537.36 (KHTML, like Gecko) Chrome/89.0.4389.90 Mobile Safari/537.36"
::1 - - [Sun, 04 Apr 2021 02:45:41 GMT] "GET /api/obtenerCategorias HTTP/1.1" 304 - "http://localhost:4200/" "Mozilla/5.0 (Linux; Android 6.0; Nexus 5 Build/MRA58N) AppleWebKit/537.36 (KHTML, like Gecko) Chrome/89.0.4389.90 Mobile Safari/537.36"
::1 - - [Sun, 04 Apr 2021 02:47:29 GMT] "GET /api/obtenerCategorias HTTP/1.1" 304 - "http://localhost:4200/" "Mozilla/5.0 (Linux; Android 6.0; Nexus 5 Build/MRA58N) AppleWebKit/537.36 (KHTML, like Gecko) Chrome/89.0.4389.90 Mobile Safari/537.36"
::1 - - [Sun, 04 Apr 2021 02:49:05 GMT] "OPTIONS /api/login HTTP/1.1" 200 - "http://localhost:4200/" "Mozilla/5.0 (Linux; Android 6.0; Nexus 5 Build/MRA58N) AppleWebKit/537.36 (KHTML, like Gecko) Chrome/89.0.4389.90 Mobile Safari/537.36"
::1 - - [Sun, 04 Apr 2021 02:49:05 GMT] "POST /api/login HTTP/1.1" 200 398 "http://localhost:4200/" "Mozilla/5.0 (Linux; Android 6.0; Nexus 5 Build/MRA58N) AppleWebKit/537.36 (KHTML, like Gecko) Chrome/89.0.4389.90 Mobile Safari/537.36"
::1 - - [Sun, 04 Apr 2021 02:49:12 GMT] "GET /api/obtenerCategorias HTTP/1.1" 304 - "http://localhost:4200/" "Mozilla/5.0 (Linux; Android 6.0; Nexus 5 Build/MRA58N) AppleWebKit/537.36 (KHTML, like Gecko) Chrome/89.0.4389.90 Mobile Safari/537.36"
::1 - - [Sun, 04 Apr 2021 02:50:03 GMT] "GET /api/obtenerCategorias HTTP/1.1" 304 - "http://localhost:4200/" "Mozilla/5.0 (Linux; Android 6.0; Nexus 5 Build/MRA58N) AppleWebKit/537.36 (KHTML, like Gecko) Chrome/89.0.4389.90 Mobile Safari/537.36"
::1 - - [Sun, 04 Apr 2021 02:50:16 GMT] "OPTIONS /api/login HTTP/1.1" 200 - "http://localhost:4200/" "Mozilla/5.0 (Linux; Android 6.0; Nexus 5 Build/MRA58N) AppleWebKit/537.36 (KHTML, like Gecko) Chrome/89.0.4389.90 Mobile Safari/537.36"
::1 - - [Sun, 04 Apr 2021 02:50:16 GMT] "POST /api/login HTTP/1.1" 200 398 "http://localhost:4200/" "Mozilla/5.0 (Linux; Android 6.0; Nexus 5 Build/MRA58N) AppleWebKit/537.36 (KHTML, like Gecko) Chrome/89.0.4389.90 Mobile Safari/537.36"
::1 - - [Sun, 04 Apr 2021 02:50:19 GMT] "GET /api/obtenerCategorias HTTP/1.1" 304 - "http://localhost:4200/" "Mozilla/5.0 (Linux; Android 6.0; Nexus 5 Build/MRA58N) AppleWebKit/537.36 (KHTML, like Gecko) Chrome/89.0.4389.90 Mobile Safari/537.36"
::1 - - [Sun, 04 Apr 2021 02:51:33 GMT] "GET /api/producto/verificar/cdb/1 HTTP/1.1" 304 - "http://localhost:4200/" "Mozilla/5.0 (Linux; Android 6.0; Nexus 5 Build/MRA58N) AppleWebKit/537.36 (KHTML, like Gecko) Chrome/89.0.4389.90 Mobile Safari/537.36"
::1 - - [Sun, 04 Apr 2021 02:54:39 GMT] "OPTIONS /api/login HTTP/1.1" 200 - "http://localhost:4200/" "Mozilla/5.0 (Linux; Android 6.0; Nexus 5 Build/MRA58N) AppleWebKit/537.36 (KHTML, like Gecko) Chrome/89.0.4389.90 Mobile Safari/537.36"
::1 - - [Sun, 04 Apr 2021 02:54:39 GMT] "POST /api/login HTTP/1.1" 200 398 "http://localhost:4200/" "Mozilla/5.0 (Linux; Android 6.0; Nexus 5 Build/MRA58N) AppleWebKit/537.36 (KHTML, like Gecko) Chrome/89.0.4389.90 Mobile Safari/537.36"
::1 - - [Sun, 04 Apr 2021 02:54:45 GMT] "GET /api/producto/verificar/cdb/1 HTTP/1.1" 304 - "http://localhost:4200/" "Mozilla/5.0 (Linux; Android 6.0; Nexus 5 Build/MRA58N) AppleWebKit/537.36 (KHTML, like Gecko) Chrome/89.0.4389.90 Mobile Safari/537.36"
::1 - - [Sun, 04 Apr 2021 02:54:45 GMT] "GET /api/producto/verificar/cdb/12 HTTP/1.1" 304 - "http://localhost:4200/" "Mozilla/5.0 (Linux; Android 6.0; Nexus 5 Build/MRA58N) AppleWebKit/537.36 (KHTML, like Gecko) Chrome/89.0.4389.90 Mobile Safari/537.36"
::1 - - [Sun, 04 Apr 2021 02:54:45 GMT] "GET /api/producto/verificar/cdb/123 HTTP/1.1" 304 - "http://localhost:4200/" "Mozilla/5.0 (Linux; Android 6.0; Nexus 5 Build/MRA58N) AppleWebKit/537.36 (KHTML, like Gecko) Chrome/89.0.4389.90 Mobile Safari/537.36"
::1 - - [Sun, 04 Apr 2021 02:56:02 GMT] "OPTIONS /api/login HTTP/1.1" 200 - "http://localhost:4200/" "Mozilla/5.0 (Linux; Android 6.0; Nexus 5 Build/MRA58N) AppleWebKit/537.36 (KHTML, like Gecko) Chrome/89.0.4389.90 Mobile Safari/537.36"
::1 - - [Sun, 04 Apr 2021 02:56:02 GMT] "POST /api/login HTTP/1.1" 200 398 "http://localhost:4200/" "Mozilla/5.0 (Linux; Android 6.0; Nexus 5 Build/MRA58N) AppleWebKit/537.36 (KHTML, like Gecko) Chrome/89.0.4389.90 Mobile Safari/537.36"
::1 - - [Sun, 04 Apr 2021 02:56:08 GMT] "GET /api/producto/verificar/cdb/1 HTTP/1.1" 304 - "http://localhost:4200/" "Mozilla/5.0 (Linux; Android 6.0; Nexus 5 Build/MRA58N) AppleWebKit/537.36 (KHTML, like Gecko) Chrome/89.0.4389.90 Mobile Safari/537.36"
::1 - - [Sun, 04 Apr 2021 02:56:08 GMT] "GET /api/producto/verificar/cdb/12 HTTP/1.1" 304 - "http://localhost:4200/" "Mozilla/5.0 (Linux; Android 6.0; Nexus 5 Build/MRA58N) AppleWebKit/537.36 (KHTML, like Gecko) Chrome/89.0.4389.90 Mobile Safari/537.36"
::1 - - [Sun, 04 Apr 2021 02:56:08 GMT] "GET /api/producto/verificar/cdb/123 HTTP/1.1" 304 - "http://localhost:4200/" "Mozilla/5.0 (Linux; Android 6.0; Nexus 5 Build/MRA58N) AppleWebKit/537.36 (KHTML, like Gecko) Chrome/89.0.4389.90 Mobile Safari/537.36"
::1 - - [Sun, 04 Apr 2021 02:56:21 GMT] "POST /api/producto/registrar HTTP/1.1" 400 628 "http://localhost:4200/" "Mozilla/5.0 (Linux; Android 6.0; Nexus 5 Build/MRA58N) AppleWebKit/537.36 (KHTML, like Gecko) Chrome/89.0.4389.90 Mobile Safari/537.36"
::1 - - [Sun, 04 Apr 2021 02:58:28 GMT] "OPTIONS /api/login HTTP/1.1" 200 - "http://localhost:4200/" "Mozilla/5.0 (Linux; Android 6.0; Nexus 5 Build/MRA58N) AppleWebKit/537.36 (KHTML, like Gecko) Chrome/89.0.4389.90 Mobile Safari/537.36"
::1 - - [Sun, 04 Apr 2021 02:58:28 GMT] "POST /api/login HTTP/1.1" 200 398 "http://localhost:4200/" "Mozilla/5.0 (Linux; Android 6.0; Nexus 5 Build/MRA58N) AppleWebKit/537.36 (KHTML, like Gecko) Chrome/89.0.4389.90 Mobile Safari/537.36"
::1 - - [Sun, 04 Apr 2021 02:58:33 GMT] "GET /api/producto/verificar/cdb/1 HTTP/1.1" 304 - "http://localhost:4200/" "Mozilla/5.0 (Linux; Android 6.0; Nexus 5 Build/MRA58N) AppleWebKit/537.36 (KHTML, like Gecko) Chrome/89.0.4389.90 Mobile Safari/537.36"
::1 - - [Sun, 04 Apr 2021 02:58:33 GMT] "GET /api/producto/verificar/cdb/12 HTTP/1.1" 304 - "http://localhost:4200/" "Mozilla/5.0 (Linux; Android 6.0; Nexus 5 Build/MRA58N) AppleWebKit/537.36 (KHTML, like Gecko) Chrome/89.0.4389.90 Mobile Safari/537.36"
::1 - - [Sun, 04 Apr 2021 02:58:33 GMT] "GET /api/producto/verificar/cdb/123 HTTP/1.1" 304 - "http://localhost:4200/" "Mozilla/5.0 (Linux; Android 6.0; Nexus 5 Build/MRA58N) AppleWebKit/537.36 (KHTML, like Gecko) Chrome/89.0.4389.90 Mobile Safari/537.36"
::1 - - [Sun, 04 Apr 2021 02:58:42 GMT] "POST /api/producto/registrar HTTP/1.1" 400 628 "http://localhost:4200/" "Mozilla/5.0 (Linux; Android 6.0; Nexus 5 Build/MRA58N) AppleWebKit/537.36 (KHTML, like Gecko) Chrome/89.0.4389.90 Mobile Safari/537.36"
::1 - - [Sun, 04 Apr 2021 03:05:09 GMT] "OPTIONS /api/login HTTP/1.1" 200 - "http://localhost:4200/" "Mozilla/5.0 (Linux; Android 6.0; Nexus 5 Build/MRA58N) AppleWebKit/537.36 (KHTML, like Gecko) Chrome/89.0.4389.90 Mobile Safari/537.36"
::1 - - [Sun, 04 Apr 2021 03:05:10 GMT] "POST /api/login HTTP/1.1" 200 398 "http://localhost:4200/" "Mozilla/5.0 (Linux; Android 6.0; Nexus 5 Build/MRA58N) AppleWebKit/537.36 (KHTML, like Gecko) Chrome/89.0.4389.90 Mobile Safari/537.36"
::1 - - [Sun, 04 Apr 2021 03:05:13 GMT] "GET /api/obtenerCategorias HTTP/1.1" 304 - "http://localhost:4200/" "Mozilla/5.0 (Linux; Android 6.0; Nexus 5 Build/MRA58N) AppleWebKit/537.36 (KHTML, like Gecko) Chrome/89.0.4389.90 Mobile Safari/537.36"
::1 - - [Sun, 04 Apr 2021 03:05:18 GMT] "GET /api/producto/verificar/cdb/a HTTP/1.1" 200 19 "http://localhost:4200/" "Mozilla/5.0 (Linux; Android 6.0; Nexus 5 Build/MRA58N) AppleWebKit/537.36 (KHTML, like Gecko) Chrome/89.0.4389.90 Mobile Safari/537.36"
::1 - - [Sun, 04 Apr 2021 03:05:18 GMT] "GET /api/producto/verificar/cdb/as HTTP/1.1" 200 19 "http://localhost:4200/" "Mozilla/5.0 (Linux; Android 6.0; Nexus 5 Build/MRA58N) AppleWebKit/537.36 (KHTML, like Gecko) Chrome/89.0.4389.90 Mobile Safari/537.36"
::1 - - [Sun, 04 Apr 2021 03:05:18 GMT] "GET /api/producto/verificar/cdb/asd HTTP/1.1" 200 19 "http://localhost:4200/" "Mozilla/5.0 (Linux; Android 6.0; Nexus 5 Build/MRA58N) AppleWebKit/537.36 (KHTML, like Gecko) Chrome/89.0.4389.90 Mobile Safari/537.36"
::1 - - [Sun, 04 Apr 2021 03:05:27 GMT] "POST /api/producto/registrar HTTP/1.1" 400 628 "http://localhost:4200/" "Mozilla/5.0 (Linux; Android 6.0; Nexus 5 Build/MRA58N) AppleWebKit/537.36 (KHTML, like Gecko) Chrome/89.0.4389.90 Mobile Safari/537.36"
::1 - - [Sun, 04 Apr 2021 03:09:50 GMT] "OPTIONS /api/login HTTP/1.1" 200 - "http://localhost:4200/" "Mozilla/5.0 (Linux; Android 6.0; Nexus 5 Build/MRA58N) AppleWebKit/537.36 (KHTML, like Gecko) Chrome/89.0.4389.90 Mobile Safari/537.36"
::1 - - [Sun, 04 Apr 2021 03:09:50 GMT] "POST /api/login HTTP/1.1" 200 398 "http://localhost:4200/" "Mozilla/5.0 (Linux; Android 6.0; Nexus 5 Build/MRA58N) AppleWebKit/537.36 (KHTML, like Gecko) Chrome/89.0.4389.90 Mobile Safari/537.36"
::1 - - [Sun, 04 Apr 2021 03:09:57 GMT] "GET /api/producto/verificar/cdb/1 HTTP/1.1" 304 - "http://localhost:4200/" "Mozilla/5.0 (Linux; Android 6.0; Nexus 5 Build/MRA58N) AppleWebKit/537.36 (KHTML, like Gecko) Chrome/89.0.4389.90 Mobile Safari/537.36"
::1 - - [Sun, 04 Apr 2021 03:09:57 GMT] "GET /api/producto/verificar/cdb/12 HTTP/1.1" 304 - "http://localhost:4200/" "Mozilla/5.0 (Linux; Android 6.0; Nexus 5 Build/MRA58N) AppleWebKit/537.36 (KHTML, like Gecko) Chrome/89.0.4389.90 Mobile Safari/537.36"
::1 - - [Sun, 04 Apr 2021 03:09:57 GMT] "GET /api/producto/verificar/cdb/123 HTTP/1.1" 304 - "http://localhost:4200/" "Mozilla/5.0 (Linux; Android 6.0; Nexus 5 Build/MRA58N) AppleWebKit/537.36 (KHTML, like Gecko) Chrome/89.0.4389.90 Mobile Safari/537.36"
::1 - - [Sun, 04 Apr 2021 03:11:55 GMT] "OPTIONS /api/login HTTP/1.1" 200 - "http://localhost:4200/" "Mozilla/5.0 (Linux; Android 6.0; Nexus 5 Build/MRA58N) AppleWebKit/537.36 (KHTML, like Gecko) Chrome/89.0.4389.90 Mobile Safari/537.36"
::1 - - [Sun, 04 Apr 2021 03:11:55 GMT] "POST /api/login HTTP/1.1" 200 398 "http://localhost:4200/" "Mozilla/5.0 (Linux; Android 6.0; Nexus 5 Build/MRA58N) AppleWebKit/537.36 (KHTML, like Gecko) Chrome/89.0.4389.90 Mobile Safari/537.36"
::1 - - [Sun, 04 Apr 2021 03:12:00 GMT] "GET /api/producto/verificar/cdb/1 HTTP/1.1" 304 - "http://localhost:4200/" "Mozilla/5.0 (Linux; Android 6.0; Nexus 5 Build/MRA58N) AppleWebKit/537.36 (KHTML, like Gecko) Chrome/89.0.4389.90 Mobile Safari/537.36"
::1 - - [Sun, 04 Apr 2021 03:12:00 GMT] "GET /api/producto/verificar/cdb/12 HTTP/1.1" 304 - "http://localhost:4200/" "Mozilla/5.0 (Linux; Android 6.0; Nexus 5 Build/MRA58N) AppleWebKit/537.36 (KHTML, like Gecko) Chrome/89.0.4389.90 Mobile Safari/537.36"
::1 - - [Sun, 04 Apr 2021 03:12:00 GMT] "GET /api/producto/verificar/cdb/123 HTTP/1.1" 304 - "http://localhost:4200/" "Mozilla/5.0 (Linux; Android 6.0; Nexus 5 Build/MRA58N) AppleWebKit/537.36 (KHTML, like Gecko) Chrome/89.0.4389.90 Mobile Safari/537.36"
::1 - - [Sun, 04 Apr 2021 03:12:04 GMT] "GET /api/obtenerCategorias HTTP/1.1" 304 - "http://localhost:4200/" "Mozilla/5.0 (Linux; Android 6.0; Nexus 5 Build/MRA58N) AppleWebKit/537.36 (KHTML, like Gecko) Chrome/89.0.4389.90 Mobile Safari/537.36"
::1 - - [Sun, 04 Apr 2021 03:13:53 GMT] "GET /api/obtenerCategorias HTTP/1.1" 304 - "http://localhost:4200/" "Mozilla/5.0 (Linux; Android 6.0; Nexus 5 Build/MRA58N) AppleWebKit/537.36 (KHTML, like Gecko) Chrome/89.0.4389.90 Mobile Safari/537.36"
::1 - - [Sun, 04 Apr 2021 03:14:04 GMT] "OPTIONS /api/login HTTP/1.1" 200 - "http://localhost:4200/" "Mozilla/5.0 (Linux; Android 6.0; Nexus 5 Build/MRA58N) AppleWebKit/537.36 (KHTML, like Gecko) Chrome/89.0.4389.90 Mobile Safari/537.36"
::1 - - [Sun, 04 Apr 2021 03:14:04 GMT] "POST /api/login HTTP/1.1" 200 398 "http://localhost:4200/" "Mozilla/5.0 (Linux; Android 6.0; Nexus 5 Build/MRA58N) AppleWebKit/537.36 (KHTML, like Gecko) Chrome/89.0.4389.90 Mobile Safari/537.36"
::1 - - [Sun, 04 Apr 2021 03:14:08 GMT] "GET /api/obtenerCategorias HTTP/1.1" 304 - "http://localhost:4200/" "Mozilla/5.0 (Linux; Android 6.0; Nexus 5 Build/MRA58N) AppleWebKit/537.36 (KHTML, like Gecko) Chrome/89.0.4389.90 Mobile Safari/537.36"
::1 - - [Sun, 04 Apr 2021 03:14:14 GMT] "OPTIONS /api/registrarNegocio HTTP/1.1" 200 - "http://localhost:4200/" "Mozilla/5.0 (Linux; Android 6.0; Nexus 5 Build/MRA58N) AppleWebKit/537.36 (KHTML, like Gecko) Chrome/89.0.4389.90 Mobile Safari/537.36"
::1 - - [Sun, 04 Apr 2021 03:14:15 GMT] "POST /api/registrarNegocio HTTP/1.1" 200 194 "http://localhost:4200/" "Mozilla/5.0 (Linux; Android 6.0; Nexus 5 Build/MRA58N) AppleWebKit/537.36 (KHTML, like Gecko) Chrome/89.0.4389.90 Mobile Safari/537.36"
